[2019-08-12 13:46:50] laravel.EMERGENCY: Unable to create configured logger. Using emergency logger. {"exception":"[object] (InvalidArgumentException(code: 0): Log [default] is not defined. at /Users/lawrencedudley/Code/kbuild/vendor/laravel/framework/src/Illuminate/Log/LogManager.php:168)
[stacktrace]
#0 /Users/lawrencedudley/Code/kbuild/vendor/laravel/framework/src/Illuminate/Log/LogManager.php(102): Illuminate\\Log\\LogManager->resolve('default')
#1 /Users/lawrencedudley/Code/kbuild/vendor/laravel/framework/src/Illuminate/Log/LogManager.php(90): Illuminate\\Log\\LogManager->get('default')
#2 /Users/lawrencedudley/Code/kbuild/vendor/laravel/framework/src/Illuminate/Log/LogManager.php(500): Illuminate\\Log\\LogManager->driver()
#3 /Users/lawrencedudley/Code/kbuild/vendor/laravel-zero/foundation/src/Illuminate/Foundation/Exceptions/Handler.php(114): Illuminate\\Log\\LogManager->error('scandir(/Users/...', Array)
#4 /Users/lawrencedudley/Code/kbuild/vendor/nunomaduro/collision/src/Adapters/Laravel/ExceptionHandler.php(60): Illuminate\\Foundation\\Exceptions\\Handler->report(Object(ErrorException))
#5 /Users/lawrencedudley/Code/kbuild/vendor/laravel-zero/foundation/src/Illuminate/Foundation/Console/Kernel.php(367): NunoMaduro\\Collision\\Adapters\\Laravel\\ExceptionHandler->report(Object(ErrorException))
#6 /Users/lawrencedudley/Code/kbuild/vendor/laravel-zero/foundation/src/Illuminate/Foundation/Console/Kernel.php(124): Illuminate\\Foundation\\Console\\Kernel->reportException(Object(ErrorException))
#7 /Users/lawrencedudley/Code/kbuild/vendor/laravel-zero/framework/src/Kernel.php(77): Illuminate\\Foundation\\Console\\Kernel->handle(Object(Symfony\\Component\\Console\\Input\\ArgvInput), Object(Symfony\\Component\\Console\\Output\\ConsoleOutput))
#8 /Users/lawrencedudley/Code/kbuild/kbuild(37): LaravelZero\\Framework\\Kernel->handle(Object(Symfony\\Component\\Console\\Input\\ArgvInput), Object(Symfony\\Component\\Console\\Output\\ConsoleOutput))
#9 {main}
"} 
[2019-08-12 13:46:50] laravel.ERROR: scandir(/Users/lawrencedudley/Code/src-site/k8s/yaml/): failed to open dir: No such file or directory {"exception":"[object] (ErrorException(code: 0): scandir(/Users/lawrencedudley/Code/src-site/k8s/yaml/): failed to open dir: No such file or directory at /Users/lawrencedudley/Code/kbuild/app/Commands/Create.php:87)
[stacktrace]
#0 [internal function]: Illuminate\\Foundation\\Bootstrap\\HandleExceptions->handleError(2, 'scandir(/Users/...', '/Users/lawrence...', 87, Array)
#1 /Users/lawrencedudley/Code/kbuild/app/Commands/Create.php(87): scandir('/Users/lawrence...')
#2 [internal function]: App\\Commands\\Create->handle()
#3 /Users/lawrencedudley/Code/kbuild/vendor/laravel/framework/src/Illuminate/Container/BoundMethod.php(32): call_user_func_array(Array, Array)
#4 /Users/lawrencedudley/Code/kbuild/vendor/laravel/framework/src/Illuminate/Container/BoundMethod.php(90): Illuminate\\Container\\BoundMethod::Illuminate\\Container\\{closure}()
#5 /Users/lawrencedudley/Code/kbuild/vendor/laravel/framework/src/Illuminate/Container/BoundMethod.php(34): Illuminate\\Container\\BoundMethod::callBoundMethod(Object(LaravelZero\\Framework\\Application), Array, Object(Closure))
#6 /Users/lawrencedudley/Code/kbuild/vendor/laravel/framework/src/Illuminate/Container/Container.php(580): Illuminate\\Container\\BoundMethod::call(Object(LaravelZero\\Framework\\Application), Array, Array, NULL)
#7 /Users/lawrencedudley/Code/kbuild/vendor/laravel/framework/src/Illuminate/Console/Command.php(183): Illuminate\\Container\\Container->call(Array)
#8 /Users/lawrencedudley/Code/kbuild/vendor/symfony/console/Command/Command.php(255): Illuminate\\Console\\Command->execute(Object(Symfony\\Component\\Console\\Input\\ArgvInput), Object(Illuminate\\Console\\OutputStyle))
#9 /Users/lawrencedudley/Code/kbuild/vendor/laravel/framework/src/Illuminate/Console/Command.php(170): Symfony\\Component\\Console\\Command\\Command->run(Object(Symfony\\Component\\Console\\Input\\ArgvInput), Object(Illuminate\\Console\\OutputStyle))
#10 /Users/lawrencedudley/Code/kbuild/vendor/symfony/console/Application.php(908): Illuminate\\Console\\Command->run(Object(Symfony\\Component\\Console\\Input\\ArgvInput), Object(Symfony\\Component\\Console\\Output\\ConsoleOutput))
#11 /Users/lawrencedudley/Code/kbuild/vendor/symfony/console/Application.php(269): Symfony\\Component\\Console\\Application->doRunCommand(Object(App\\Commands\\Create), Object(Symfony\\Component\\Console\\Input\\ArgvInput), Object(Symfony\\Component\\Console\\Output\\ConsoleOutput))
#12 /Users/lawrencedudley/Code/kbuild/vendor/symfony/console/Application.php(145): Symfony\\Component\\Console\\Application->doRun(Object(Symfony\\Component\\Console\\Input\\ArgvInput), Object(Symfony\\Component\\Console\\Output\\ConsoleOutput))
#13 /Users/lawrencedudley/Code/kbuild/vendor/laravel/framework/src/Illuminate/Console/Application.php(90): Symfony\\Component\\Console\\Application->run(Object(Symfony\\Component\\Console\\Input\\ArgvInput), Object(Symfony\\Component\\Console\\Output\\ConsoleOutput))
#14 /Users/lawrencedudley/Code/kbuild/vendor/laravel-zero/foundation/src/Illuminate/Foundation/Console/Kernel.php(122): Illuminate\\Console\\Application->run(Object(Symfony\\Component\\Console\\Input\\ArgvInput), Object(Symfony\\Component\\Console\\Output\\ConsoleOutput))
#15 /Users/lawrencedudley/Code/kbuild/vendor/laravel-zero/framework/src/Kernel.php(77): Illuminate\\Foundation\\Console\\Kernel->handle(Object(Symfony\\Component\\Console\\Input\\ArgvInput), Object(Symfony\\Component\\Console\\Output\\ConsoleOutput))
#16 /Users/lawrencedudley/Code/kbuild/kbuild(37): LaravelZero\\Framework\\Kernel->handle(Object(Symfony\\Component\\Console\\Input\\ArgvInput), Object(Symfony\\Component\\Console\\Output\\ConsoleOutput))
#17 {main}
"} 
[2019-08-12 13:47:15] laravel.EMERGENCY: Unable to create configured logger. Using emergency logger. {"exception":"[object] (InvalidArgumentException(code: 0): Log [default] is not defined. at /Users/lawrencedudley/Code/kbuild/vendor/laravel/framework/src/Illuminate/Log/LogManager.php:168)
[stacktrace]
#0 /Users/lawrencedudley/Code/kbuild/vendor/laravel/framework/src/Illuminate/Log/LogManager.php(102): Illuminate\\Log\\LogManager->resolve('default')
#1 /Users/lawrencedudley/Code/kbuild/vendor/laravel/framework/src/Illuminate/Log/LogManager.php(90): Illuminate\\Log\\LogManager->get('default')
#2 /Users/lawrencedudley/Code/kbuild/vendor/laravel/framework/src/Illuminate/Log/LogManager.php(500): Illuminate\\Log\\LogManager->driver()
#3 /Users/lawrencedudley/Code/kbuild/vendor/laravel-zero/foundation/src/Illuminate/Foundation/Exceptions/Handler.php(114): Illuminate\\Log\\LogManager->error('scandir(/Users/...', Array)
#4 /Users/lawrencedudley/Code/kbuild/vendor/nunomaduro/collision/src/Adapters/Laravel/ExceptionHandler.php(60): Illuminate\\Foundation\\Exceptions\\Handler->report(Object(ErrorException))
#5 /Users/lawrencedudley/Code/kbuild/vendor/laravel-zero/foundation/src/Illuminate/Foundation/Console/Kernel.php(367): NunoMaduro\\Collision\\Adapters\\Laravel\\ExceptionHandler->report(Object(ErrorException))
#6 /Users/lawrencedudley/Code/kbuild/vendor/laravel-zero/foundation/src/Illuminate/Foundation/Console/Kernel.php(124): Illuminate\\Foundation\\Console\\Kernel->reportException(Object(ErrorException))
#7 /Users/lawrencedudley/Code/kbuild/vendor/laravel-zero/framework/src/Kernel.php(77): Illuminate\\Foundation\\Console\\Kernel->handle(Object(Symfony\\Component\\Console\\Input\\ArgvInput), Object(Symfony\\Component\\Console\\Output\\ConsoleOutput))
#8 /Users/lawrencedudley/Code/kbuild/kbuild(37): LaravelZero\\Framework\\Kernel->handle(Object(Symfony\\Component\\Console\\Input\\ArgvInput), Object(Symfony\\Component\\Console\\Output\\ConsoleOutput))
#9 {main}
"} 
[2019-08-12 13:47:15] laravel.ERROR: scandir(/Users/lawrencedudley/Code/k8s/yaml/): failed to open dir: No such file or directory {"exception":"[object] (ErrorException(code: 0): scandir(/Users/lawrencedudley/Code/k8s/yaml/): failed to open dir: No such file or directory at /Users/lawrencedudley/Code/kbuild/app/Commands/Create.php:87)
[stacktrace]
#0 [internal function]: Illuminate\\Foundation\\Bootstrap\\HandleExceptions->handleError(2, 'scandir(/Users/...', '/Users/lawrence...', 87, Array)
#1 /Users/lawrencedudley/Code/kbuild/app/Commands/Create.php(87): scandir('/Users/lawrence...')
#2 [internal function]: App\\Commands\\Create->handle()
#3 /Users/lawrencedudley/Code/kbuild/vendor/laravel/framework/src/Illuminate/Container/BoundMethod.php(32): call_user_func_array(Array, Array)
#4 /Users/lawrencedudley/Code/kbuild/vendor/laravel/framework/src/Illuminate/Container/BoundMethod.php(90): Illuminate\\Container\\BoundMethod::Illuminate\\Container\\{closure}()
#5 /Users/lawrencedudley/Code/kbuild/vendor/laravel/framework/src/Illuminate/Container/BoundMethod.php(34): Illuminate\\Container\\BoundMethod::callBoundMethod(Object(LaravelZero\\Framework\\Application), Array, Object(Closure))
#6 /Users/lawrencedudley/Code/kbuild/vendor/laravel/framework/src/Illuminate/Container/Container.php(580): Illuminate\\Container\\BoundMethod::call(Object(LaravelZero\\Framework\\Application), Array, Array, NULL)
#7 /Users/lawrencedudley/Code/kbuild/vendor/laravel/framework/src/Illuminate/Console/Command.php(183): Illuminate\\Container\\Container->call(Array)
#8 /Users/lawrencedudley/Code/kbuild/vendor/symfony/console/Command/Command.php(255): Illuminate\\Console\\Command->execute(Object(Symfony\\Component\\Console\\Input\\ArgvInput), Object(Illuminate\\Console\\OutputStyle))
#9 /Users/lawrencedudley/Code/kbuild/vendor/laravel/framework/src/Illuminate/Console/Command.php(170): Symfony\\Component\\Console\\Command\\Command->run(Object(Symfony\\Component\\Console\\Input\\ArgvInput), Object(Illuminate\\Console\\OutputStyle))
#10 /Users/lawrencedudley/Code/kbuild/vendor/symfony/console/Application.php(908): Illuminate\\Console\\Command->run(Object(Symfony\\Component\\Console\\Input\\ArgvInput), Object(Symfony\\Component\\Console\\Output\\ConsoleOutput))
#11 /Users/lawrencedudley/Code/kbuild/vendor/symfony/console/Application.php(269): Symfony\\Component\\Console\\Application->doRunCommand(Object(App\\Commands\\Create), Object(Symfony\\Component\\Console\\Input\\ArgvInput), Object(Symfony\\Component\\Console\\Output\\ConsoleOutput))
#12 /Users/lawrencedudley/Code/kbuild/vendor/symfony/console/Application.php(145): Symfony\\Component\\Console\\Application->doRun(Object(Symfony\\Component\\Console\\Input\\ArgvInput), Object(Symfony\\Component\\Console\\Output\\ConsoleOutput))
#13 /Users/lawrencedudley/Code/kbuild/vendor/laravel/framework/src/Illuminate/Console/Application.php(90): Symfony\\Component\\Console\\Application->run(Object(Symfony\\Component\\Console\\Input\\ArgvInput), Object(Symfony\\Component\\Console\\Output\\ConsoleOutput))
#14 /Users/lawrencedudley/Code/kbuild/vendor/laravel-zero/foundation/src/Illuminate/Foundation/Console/Kernel.php(122): Illuminate\\Console\\Application->run(Object(Symfony\\Component\\Console\\Input\\ArgvInput), Object(Symfony\\Component\\Console\\Output\\ConsoleOutput))
#15 /Users/lawrencedudley/Code/kbuild/vendor/laravel-zero/framework/src/Kernel.php(77): Illuminate\\Foundation\\Console\\Kernel->handle(Object(Symfony\\Component\\Console\\Input\\ArgvInput), Object(Symfony\\Component\\Console\\Output\\ConsoleOutput))
#16 /Users/lawrencedudley/Code/kbuild/kbuild(37): LaravelZero\\Framework\\Kernel->handle(Object(Symfony\\Component\\Console\\Input\\ArgvInput), Object(Symfony\\Component\\Console\\Output\\ConsoleOutput))
#17 {main}
"} 
[2019-08-12 14:02:56] laravel.EMERGENCY: Unable to create configured logger. Using emergency logger. {"exception":"[object] (InvalidArgumentException(code: 0): Log [default] is not defined. at /Users/lawrencedudley/Code/kbuild/vendor/laravel/framework/src/Illuminate/Log/LogManager.php:168)
[stacktrace]
#0 /Users/lawrencedudley/Code/kbuild/vendor/laravel/framework/src/Illuminate/Log/LogManager.php(102): Illuminate\\Log\\LogManager->resolve('default')
#1 /Users/lawrencedudley/Code/kbuild/vendor/laravel/framework/src/Illuminate/Log/LogManager.php(90): Illuminate\\Log\\LogManager->get('default')
#2 /Users/lawrencedudley/Code/kbuild/vendor/laravel/framework/src/Illuminate/Log/LogManager.php(500): Illuminate\\Log\\LogManager->driver()
#3 /Users/lawrencedudley/Code/kbuild/vendor/laravel-zero/foundation/src/Illuminate/Foundation/Exceptions/Handler.php(114): Illuminate\\Log\\LogManager->error('Undefined varia...', Array)
#4 /Users/lawrencedudley/Code/kbuild/vendor/nunomaduro/collision/src/Adapters/Laravel/ExceptionHandler.php(60): Illuminate\\Foundation\\Exceptions\\Handler->report(Object(ErrorException))
#5 /Users/lawrencedudley/Code/kbuild/vendor/laravel-zero/foundation/src/Illuminate/Foundation/Console/Kernel.php(367): NunoMaduro\\Collision\\Adapters\\Laravel\\ExceptionHandler->report(Object(ErrorException))
#6 /Users/lawrencedudley/Code/kbuild/vendor/laravel-zero/foundation/src/Illuminate/Foundation/Console/Kernel.php(124): Illuminate\\Foundation\\Console\\Kernel->reportException(Object(ErrorException))
#7 /Users/lawrencedudley/Code/kbuild/vendor/laravel-zero/framework/src/Kernel.php(77): Illuminate\\Foundation\\Console\\Kernel->handle(Object(Symfony\\Component\\Console\\Input\\ArgvInput), Object(Symfony\\Component\\Console\\Output\\ConsoleOutput))
#8 /Users/lawrencedudley/Code/kbuild/kbuild(37): LaravelZero\\Framework\\Kernel->handle(Object(Symfony\\Component\\Console\\Input\\ArgvInput), Object(Symfony\\Component\\Console\\Output\\ConsoleOutput))
#9 {main}
"} 
[2019-08-12 14:02:56] laravel.ERROR: Undefined variable: yamlParseOutput {"exception":"[object] (ErrorException(code: 0): Undefined variable: yamlParseOutput at /Users/lawrencedudley/Code/kbuild/app/Commands/Create.php:111)
[stacktrace]
#0 /Users/lawrencedudley/Code/kbuild/app/Commands/Create.php(111): Illuminate\\Foundation\\Bootstrap\\HandleExceptions->handleError(8, 'Undefined varia...', '/Users/lawrence...', 111, Array)
#1 [internal function]: App\\Commands\\Create->handle()
#2 /Users/lawrencedudley/Code/kbuild/vendor/laravel/framework/src/Illuminate/Container/BoundMethod.php(32): call_user_func_array(Array, Array)
#3 /Users/lawrencedudley/Code/kbuild/vendor/laravel/framework/src/Illuminate/Container/BoundMethod.php(90): Illuminate\\Container\\BoundMethod::Illuminate\\Container\\{closure}()
#4 /Users/lawrencedudley/Code/kbuild/vendor/laravel/framework/src/Illuminate/Container/BoundMethod.php(34): Illuminate\\Container\\BoundMethod::callBoundMethod(Object(LaravelZero\\Framework\\Application), Array, Object(Closure))
#5 /Users/lawrencedudley/Code/kbuild/vendor/laravel/framework/src/Illuminate/Container/Container.php(580): Illuminate\\Container\\BoundMethod::call(Object(LaravelZero\\Framework\\Application), Array, Array, NULL)
#6 /Users/lawrencedudley/Code/kbuild/vendor/laravel/framework/src/Illuminate/Console/Command.php(183): Illuminate\\Container\\Container->call(Array)
#7 /Users/lawrencedudley/Code/kbuild/vendor/symfony/console/Command/Command.php(255): Illuminate\\Console\\Command->execute(Object(Symfony\\Component\\Console\\Input\\ArgvInput), Object(Illuminate\\Console\\OutputStyle))
#8 /Users/lawrencedudley/Code/kbuild/vendor/laravel/framework/src/Illuminate/Console/Command.php(170): Symfony\\Component\\Console\\Command\\Command->run(Object(Symfony\\Component\\Console\\Input\\ArgvInput), Object(Illuminate\\Console\\OutputStyle))
#9 /Users/lawrencedudley/Code/kbuild/vendor/symfony/console/Application.php(908): Illuminate\\Console\\Command->run(Object(Symfony\\Component\\Console\\Input\\ArgvInput), Object(Symfony\\Component\\Console\\Output\\ConsoleOutput))
#10 /Users/lawrencedudley/Code/kbuild/vendor/symfony/console/Application.php(269): Symfony\\Component\\Console\\Application->doRunCommand(Object(App\\Commands\\Create), Object(Symfony\\Component\\Console\\Input\\ArgvInput), Object(Symfony\\Component\\Console\\Output\\ConsoleOutput))
#11 /Users/lawrencedudley/Code/kbuild/vendor/symfony/console/Application.php(145): Symfony\\Component\\Console\\Application->doRun(Object(Symfony\\Component\\Console\\Input\\ArgvInput), Object(Symfony\\Component\\Console\\Output\\ConsoleOutput))
#12 /Users/lawrencedudley/Code/kbuild/vendor/laravel/framework/src/Illuminate/Console/Application.php(90): Symfony\\Component\\Console\\Application->run(Object(Symfony\\Component\\Console\\Input\\ArgvInput), Object(Symfony\\Component\\Console\\Output\\ConsoleOutput))
#13 /Users/lawrencedudley/Code/kbuild/vendor/laravel-zero/foundation/src/Illuminate/Foundation/Console/Kernel.php(122): Illuminate\\Console\\Application->run(Object(Symfony\\Component\\Console\\Input\\ArgvInput), Object(Symfony\\Component\\Console\\Output\\ConsoleOutput))
#14 /Users/lawrencedudley/Code/kbuild/vendor/laravel-zero/framework/src/Kernel.php(77): Illuminate\\Foundation\\Console\\Kernel->handle(Object(Symfony\\Component\\Console\\Input\\ArgvInput), Object(Symfony\\Component\\Console\\Output\\ConsoleOutput))
#15 /Users/lawrencedudley/Code/kbuild/kbuild(37): LaravelZero\\Framework\\Kernel->handle(Object(Symfony\\Component\\Console\\Input\\ArgvInput), Object(Symfony\\Component\\Console\\Output\\ConsoleOutput))
#16 {main}
"} 
[2019-08-12 14:05:37] laravel.EMERGENCY: Unable to create configured logger. Using emergency logger. {"exception":"[object] (InvalidArgumentException(code: 0): Log [default] is not defined. at /Users/lawrencedudley/Code/kbuild/vendor/laravel/framework/src/Illuminate/Log/LogManager.php:168)
[stacktrace]
#0 /Users/lawrencedudley/Code/kbuild/vendor/laravel/framework/src/Illuminate/Log/LogManager.php(102): Illuminate\\Log\\LogManager->resolve('default')
#1 /Users/lawrencedudley/Code/kbuild/vendor/laravel/framework/src/Illuminate/Log/LogManager.php(90): Illuminate\\Log\\LogManager->get('default')
#2 /Users/lawrencedudley/Code/kbuild/vendor/laravel/framework/src/Illuminate/Log/LogManager.php(500): Illuminate\\Log\\LogManager->driver()
#3 /Users/lawrencedudley/Code/kbuild/vendor/laravel-zero/foundation/src/Illuminate/Foundation/Exceptions/Handler.php(114): Illuminate\\Log\\LogManager->error('count(): Parame...', Array)
#4 /Users/lawrencedudley/Code/kbuild/vendor/nunomaduro/collision/src/Adapters/Laravel/ExceptionHandler.php(60): Illuminate\\Foundation\\Exceptions\\Handler->report(Object(ErrorException))
#5 /Users/lawrencedudley/Code/kbuild/vendor/laravel-zero/foundation/src/Illuminate/Foundation/Console/Kernel.php(367): NunoMaduro\\Collision\\Adapters\\Laravel\\ExceptionHandler->report(Object(ErrorException))
#6 /Users/lawrencedudley/Code/kbuild/vendor/laravel-zero/foundation/src/Illuminate/Foundation/Console/Kernel.php(124): Illuminate\\Foundation\\Console\\Kernel->reportException(Object(ErrorException))
#7 /Users/lawrencedudley/Code/kbuild/vendor/laravel-zero/framework/src/Kernel.php(77): Illuminate\\Foundation\\Console\\Kernel->handle(Object(Symfony\\Component\\Console\\Input\\ArgvInput), Object(Symfony\\Component\\Console\\Output\\ConsoleOutput))
#8 /Users/lawrencedudley/Code/kbuild/kbuild(37): LaravelZero\\Framework\\Kernel->handle(Object(Symfony\\Component\\Console\\Input\\ArgvInput), Object(Symfony\\Component\\Console\\Output\\ConsoleOutput))
#9 {main}
"} 
[2019-08-12 14:05:37] laravel.ERROR: count(): Parameter must be an array or an object that implements Countable {"exception":"[object] (ErrorException(code: 0): count(): Parameter must be an array or an object that implements Countable at /Users/lawrencedudley/Code/kbuild/app/Commands/Create.php:107)
[stacktrace]
#0 [internal function]: Illuminate\\Foundation\\Bootstrap\\HandleExceptions->handleError(2, 'count(): Parame...', '/Users/lawrence...', 107, Array)
#1 /Users/lawrencedudley/Code/kbuild/app/Commands/Create.php(107): count(false)
#2 [internal function]: App\\Commands\\Create->handle()
#3 /Users/lawrencedudley/Code/kbuild/vendor/laravel/framework/src/Illuminate/Container/BoundMethod.php(32): call_user_func_array(Array, Array)
#4 /Users/lawrencedudley/Code/kbuild/vendor/laravel/framework/src/Illuminate/Container/BoundMethod.php(90): Illuminate\\Container\\BoundMethod::Illuminate\\Container\\{closure}()
#5 /Users/lawrencedudley/Code/kbuild/vendor/laravel/framework/src/Illuminate/Container/BoundMethod.php(34): Illuminate\\Container\\BoundMethod::callBoundMethod(Object(LaravelZero\\Framework\\Application), Array, Object(Closure))
#6 /Users/lawrencedudley/Code/kbuild/vendor/laravel/framework/src/Illuminate/Container/Container.php(580): Illuminate\\Container\\BoundMethod::call(Object(LaravelZero\\Framework\\Application), Array, Array, NULL)
#7 /Users/lawrencedudley/Code/kbuild/vendor/laravel/framework/src/Illuminate/Console/Command.php(183): Illuminate\\Container\\Container->call(Array)
#8 /Users/lawrencedudley/Code/kbuild/vendor/symfony/console/Command/Command.php(255): Illuminate\\Console\\Command->execute(Object(Symfony\\Component\\Console\\Input\\ArgvInput), Object(Illuminate\\Console\\OutputStyle))
#9 /Users/lawrencedudley/Code/kbuild/vendor/laravel/framework/src/Illuminate/Console/Command.php(170): Symfony\\Component\\Console\\Command\\Command->run(Object(Symfony\\Component\\Console\\Input\\ArgvInput), Object(Illuminate\\Console\\OutputStyle))
#10 /Users/lawrencedudley/Code/kbuild/vendor/symfony/console/Application.php(908): Illuminate\\Console\\Command->run(Object(Symfony\\Component\\Console\\Input\\ArgvInput), Object(Symfony\\Component\\Console\\Output\\ConsoleOutput))
#11 /Users/lawrencedudley/Code/kbuild/vendor/symfony/console/Application.php(269): Symfony\\Component\\Console\\Application->doRunCommand(Object(App\\Commands\\Create), Object(Symfony\\Component\\Console\\Input\\ArgvInput), Object(Symfony\\Component\\Console\\Output\\ConsoleOutput))
#12 /Users/lawrencedudley/Code/kbuild/vendor/symfony/console/Application.php(145): Symfony\\Component\\Console\\Application->doRun(Object(Symfony\\Component\\Console\\Input\\ArgvInput), Object(Symfony\\Component\\Console\\Output\\ConsoleOutput))
#13 /Users/lawrencedudley/Code/kbuild/vendor/laravel/framework/src/Illuminate/Console/Application.php(90): Symfony\\Component\\Console\\Application->run(Object(Symfony\\Component\\Console\\Input\\ArgvInput), Object(Symfony\\Component\\Console\\Output\\ConsoleOutput))
#14 /Users/lawrencedudley/Code/kbuild/vendor/laravel-zero/foundation/src/Illuminate/Foundation/Console/Kernel.php(122): Illuminate\\Console\\Application->run(Object(Symfony\\Component\\Console\\Input\\ArgvInput), Object(Symfony\\Component\\Console\\Output\\ConsoleOutput))
#15 /Users/lawrencedudley/Code/kbuild/vendor/laravel-zero/framework/src/Kernel.php(77): Illuminate\\Foundation\\Console\\Kernel->handle(Object(Symfony\\Component\\Console\\Input\\ArgvInput), Object(Symfony\\Component\\Console\\Output\\ConsoleOutput))
#16 /Users/lawrencedudley/Code/kbuild/kbuild(37): LaravelZero\\Framework\\Kernel->handle(Object(Symfony\\Component\\Console\\Input\\ArgvInput), Object(Symfony\\Component\\Console\\Output\\ConsoleOutput))
#17 {main}
"} 
[2019-08-12 14:05:50] laravel.EMERGENCY: Unable to create configured logger. Using emergency logger. {"exception":"[object] (InvalidArgumentException(code: 0): Log [default] is not defined. at /Users/lawrencedudley/Code/kbuild/vendor/laravel/framework/src/Illuminate/Log/LogManager.php:168)
[stacktrace]
#0 /Users/lawrencedudley/Code/kbuild/vendor/laravel/framework/src/Illuminate/Log/LogManager.php(102): Illuminate\\Log\\LogManager->resolve('default')
#1 /Users/lawrencedudley/Code/kbuild/vendor/laravel/framework/src/Illuminate/Log/LogManager.php(90): Illuminate\\Log\\LogManager->get('default')
#2 /Users/lawrencedudley/Code/kbuild/vendor/laravel/framework/src/Illuminate/Log/LogManager.php(500): Illuminate\\Log\\LogManager->driver()
#3 /Users/lawrencedudley/Code/kbuild/vendor/laravel-zero/foundation/src/Illuminate/Foundation/Exceptions/Handler.php(114): Illuminate\\Log\\LogManager->error('count(): Parame...', Array)
#4 /Users/lawrencedudley/Code/kbuild/vendor/nunomaduro/collision/src/Adapters/Laravel/ExceptionHandler.php(60): Illuminate\\Foundation\\Exceptions\\Handler->report(Object(ErrorException))
#5 /Users/lawrencedudley/Code/kbuild/vendor/laravel-zero/foundation/src/Illuminate/Foundation/Console/Kernel.php(367): NunoMaduro\\Collision\\Adapters\\Laravel\\ExceptionHandler->report(Object(ErrorException))
#6 /Users/lawrencedudley/Code/kbuild/vendor/laravel-zero/foundation/src/Illuminate/Foundation/Console/Kernel.php(124): Illuminate\\Foundation\\Console\\Kernel->reportException(Object(ErrorException))
#7 /Users/lawrencedudley/Code/kbuild/vendor/laravel-zero/framework/src/Kernel.php(77): Illuminate\\Foundation\\Console\\Kernel->handle(Object(Symfony\\Component\\Console\\Input\\ArgvInput), Object(Symfony\\Component\\Console\\Output\\ConsoleOutput))
#8 /Users/lawrencedudley/Code/kbuild/kbuild(37): LaravelZero\\Framework\\Kernel->handle(Object(Symfony\\Component\\Console\\Input\\ArgvInput), Object(Symfony\\Component\\Console\\Output\\ConsoleOutput))
#9 {main}
"} 
[2019-08-12 14:05:50] laravel.ERROR: count(): Parameter must be an array or an object that implements Countable {"exception":"[object] (ErrorException(code: 0): count(): Parameter must be an array or an object that implements Countable at /Users/lawrencedudley/Code/kbuild/app/Commands/Create.php:107)
[stacktrace]
#0 [internal function]: Illuminate\\Foundation\\Bootstrap\\HandleExceptions->handleError(2, 'count(): Parame...', '/Users/lawrence...', 107, Array)
#1 /Users/lawrencedudley/Code/kbuild/app/Commands/Create.php(107): count(false)
#2 [internal function]: App\\Commands\\Create->handle()
#3 /Users/lawrencedudley/Code/kbuild/vendor/laravel/framework/src/Illuminate/Container/BoundMethod.php(32): call_user_func_array(Array, Array)
#4 /Users/lawrencedudley/Code/kbuild/vendor/laravel/framework/src/Illuminate/Container/BoundMethod.php(90): Illuminate\\Container\\BoundMethod::Illuminate\\Container\\{closure}()
#5 /Users/lawrencedudley/Code/kbuild/vendor/laravel/framework/src/Illuminate/Container/BoundMethod.php(34): Illuminate\\Container\\BoundMethod::callBoundMethod(Object(LaravelZero\\Framework\\Application), Array, Object(Closure))
#6 /Users/lawrencedudley/Code/kbuild/vendor/laravel/framework/src/Illuminate/Container/Container.php(580): Illuminate\\Container\\BoundMethod::call(Object(LaravelZero\\Framework\\Application), Array, Array, NULL)
#7 /Users/lawrencedudley/Code/kbuild/vendor/laravel/framework/src/Illuminate/Console/Command.php(183): Illuminate\\Container\\Container->call(Array)
#8 /Users/lawrencedudley/Code/kbuild/vendor/symfony/console/Command/Command.php(255): Illuminate\\Console\\Command->execute(Object(Symfony\\Component\\Console\\Input\\ArgvInput), Object(Illuminate\\Console\\OutputStyle))
#9 /Users/lawrencedudley/Code/kbuild/vendor/laravel/framework/src/Illuminate/Console/Command.php(170): Symfony\\Component\\Console\\Command\\Command->run(Object(Symfony\\Component\\Console\\Input\\ArgvInput), Object(Illuminate\\Console\\OutputStyle))
#10 /Users/lawrencedudley/Code/kbuild/vendor/symfony/console/Application.php(908): Illuminate\\Console\\Command->run(Object(Symfony\\Component\\Console\\Input\\ArgvInput), Object(Symfony\\Component\\Console\\Output\\ConsoleOutput))
#11 /Users/lawrencedudley/Code/kbuild/vendor/symfony/console/Application.php(269): Symfony\\Component\\Console\\Application->doRunCommand(Object(App\\Commands\\Create), Object(Symfony\\Component\\Console\\Input\\ArgvInput), Object(Symfony\\Component\\Console\\Output\\ConsoleOutput))
#12 /Users/lawrencedudley/Code/kbuild/vendor/symfony/console/Application.php(145): Symfony\\Component\\Console\\Application->doRun(Object(Symfony\\Component\\Console\\Input\\ArgvInput), Object(Symfony\\Component\\Console\\Output\\ConsoleOutput))
#13 /Users/lawrencedudley/Code/kbuild/vendor/laravel/framework/src/Illuminate/Console/Application.php(90): Symfony\\Component\\Console\\Application->run(Object(Symfony\\Component\\Console\\Input\\ArgvInput), Object(Symfony\\Component\\Console\\Output\\ConsoleOutput))
#14 /Users/lawrencedudley/Code/kbuild/vendor/laravel-zero/foundation/src/Illuminate/Foundation/Console/Kernel.php(122): Illuminate\\Console\\Application->run(Object(Symfony\\Component\\Console\\Input\\ArgvInput), Object(Symfony\\Component\\Console\\Output\\ConsoleOutput))
#15 /Users/lawrencedudley/Code/kbuild/vendor/laravel-zero/framework/src/Kernel.php(77): Illuminate\\Foundation\\Console\\Kernel->handle(Object(Symfony\\Component\\Console\\Input\\ArgvInput), Object(Symfony\\Component\\Console\\Output\\ConsoleOutput))
#16 /Users/lawrencedudley/Code/kbuild/kbuild(37): LaravelZero\\Framework\\Kernel->handle(Object(Symfony\\Component\\Console\\Input\\ArgvInput), Object(Symfony\\Component\\Console\\Output\\ConsoleOutput))
#17 {main}
"} 
[2019-08-12 14:08:27] laravel.EMERGENCY: Unable to create configured logger. Using emergency logger. {"exception":"[object] (InvalidArgumentException(code: 0): Log [default] is not defined. at /Users/lawrencedudley/Code/kbuild/vendor/laravel/framework/src/Illuminate/Log/LogManager.php:168)
[stacktrace]
#0 /Users/lawrencedudley/Code/kbuild/vendor/laravel/framework/src/Illuminate/Log/LogManager.php(102): Illuminate\\Log\\LogManager->resolve('default')
#1 /Users/lawrencedudley/Code/kbuild/vendor/laravel/framework/src/Illuminate/Log/LogManager.php(90): Illuminate\\Log\\LogManager->get('default')
#2 /Users/lawrencedudley/Code/kbuild/vendor/laravel/framework/src/Illuminate/Log/LogManager.php(500): Illuminate\\Log\\LogManager->driver()
#3 /Users/lawrencedudley/Code/kbuild/vendor/laravel-zero/foundation/src/Illuminate/Foundation/Exceptions/Handler.php(114): Illuminate\\Log\\LogManager->error('Undefined varia...', Array)
#4 /Users/lawrencedudley/Code/kbuild/vendor/nunomaduro/collision/src/Adapters/Laravel/ExceptionHandler.php(60): Illuminate\\Foundation\\Exceptions\\Handler->report(Object(ErrorException))
#5 /Users/lawrencedudley/Code/kbuild/vendor/laravel-zero/foundation/src/Illuminate/Foundation/Console/Kernel.php(367): NunoMaduro\\Collision\\Adapters\\Laravel\\ExceptionHandler->report(Object(ErrorException))
#6 /Users/lawrencedudley/Code/kbuild/vendor/laravel-zero/foundation/src/Illuminate/Foundation/Console/Kernel.php(124): Illuminate\\Foundation\\Console\\Kernel->reportException(Object(ErrorException))
#7 /Users/lawrencedudley/Code/kbuild/vendor/laravel-zero/framework/src/Kernel.php(77): Illuminate\\Foundation\\Console\\Kernel->handle(Object(Symfony\\Component\\Console\\Input\\ArgvInput), Object(Symfony\\Component\\Console\\Output\\ConsoleOutput))
#8 /Users/lawrencedudley/Code/kbuild/kbuild(37): LaravelZero\\Framework\\Kernel->handle(Object(Symfony\\Component\\Console\\Input\\ArgvInput), Object(Symfony\\Component\\Console\\Output\\ConsoleOutput))
#9 {main}
"} 
[2019-08-12 14:08:27] laravel.ERROR: Undefined variable: output {"exception":"[object] (ErrorException(code: 0): Undefined variable: output at /Users/lawrencedudley/Code/kbuild/app/Commands/Create.php:121)
[stacktrace]
#0 /Users/lawrencedudley/Code/kbuild/app/Commands/Create.php(121): Illuminate\\Foundation\\Bootstrap\\HandleExceptions->handleError(8, 'Undefined varia...', '/Users/lawrence...', 121, Array)
#1 [internal function]: App\\Commands\\Create->handle()
#2 /Users/lawrencedudley/Code/kbuild/vendor/laravel/framework/src/Illuminate/Container/BoundMethod.php(32): call_user_func_array(Array, Array)
#3 /Users/lawrencedudley/Code/kbuild/vendor/laravel/framework/src/Illuminate/Container/BoundMethod.php(90): Illuminate\\Container\\BoundMethod::Illuminate\\Container\\{closure}()
#4 /Users/lawrencedudley/Code/kbuild/vendor/laravel/framework/src/Illuminate/Container/BoundMethod.php(34): Illuminate\\Container\\BoundMethod::callBoundMethod(Object(LaravelZero\\Framework\\Application), Array, Object(Closure))
#5 /Users/lawrencedudley/Code/kbuild/vendor/laravel/framework/src/Illuminate/Container/Container.php(580): Illuminate\\Container\\BoundMethod::call(Object(LaravelZero\\Framework\\Application), Array, Array, NULL)
#6 /Users/lawrencedudley/Code/kbuild/vendor/laravel/framework/src/Illuminate/Console/Command.php(183): Illuminate\\Container\\Container->call(Array)
#7 /Users/lawrencedudley/Code/kbuild/vendor/symfony/console/Command/Command.php(255): Illuminate\\Console\\Command->execute(Object(Symfony\\Component\\Console\\Input\\ArgvInput), Object(Illuminate\\Console\\OutputStyle))
#8 /Users/lawrencedudley/Code/kbuild/vendor/laravel/framework/src/Illuminate/Console/Command.php(170): Symfony\\Component\\Console\\Command\\Command->run(Object(Symfony\\Component\\Console\\Input\\ArgvInput), Object(Illuminate\\Console\\OutputStyle))
#9 /Users/lawrencedudley/Code/kbuild/vendor/symfony/console/Application.php(908): Illuminate\\Console\\Command->run(Object(Symfony\\Component\\Console\\Input\\ArgvInput), Object(Symfony\\Component\\Console\\Output\\ConsoleOutput))
#10 /Users/lawrencedudley/Code/kbuild/vendor/symfony/console/Application.php(269): Symfony\\Component\\Console\\Application->doRunCommand(Object(App\\Commands\\Create), Object(Symfony\\Component\\Console\\Input\\ArgvInput), Object(Symfony\\Component\\Console\\Output\\ConsoleOutput))
#11 /Users/lawrencedudley/Code/kbuild/vendor/symfony/console/Application.php(145): Symfony\\Component\\Console\\Application->doRun(Object(Symfony\\Component\\Console\\Input\\ArgvInput), Object(Symfony\\Component\\Console\\Output\\ConsoleOutput))
#12 /Users/lawrencedudley/Code/kbuild/vendor/laravel/framework/src/Illuminate/Console/Application.php(90): Symfony\\Component\\Console\\Application->run(Object(Symfony\\Component\\Console\\Input\\ArgvInput), Object(Symfony\\Component\\Console\\Output\\ConsoleOutput))
#13 /Users/lawrencedudley/Code/kbuild/vendor/laravel-zero/foundation/src/Illuminate/Foundation/Console/Kernel.php(122): Illuminate\\Console\\Application->run(Object(Symfony\\Component\\Console\\Input\\ArgvInput), Object(Symfony\\Component\\Console\\Output\\ConsoleOutput))
#14 /Users/lawrencedudley/Code/kbuild/vendor/laravel-zero/framework/src/Kernel.php(77): Illuminate\\Foundation\\Console\\Kernel->handle(Object(Symfony\\Component\\Console\\Input\\ArgvInput), Object(Symfony\\Component\\Console\\Output\\ConsoleOutput))
#15 /Users/lawrencedudley/Code/kbuild/kbuild(37): LaravelZero\\Framework\\Kernel->handle(Object(Symfony\\Component\\Console\\Input\\ArgvInput), Object(Symfony\\Component\\Console\\Output\\ConsoleOutput))
#16 {main}
"} 
[2019-08-12 14:43:35] laravel.EMERGENCY: Unable to create configured logger. Using emergency logger. {"exception":"[object] (InvalidArgumentException(code: 0): Log [default] is not defined. at /Users/lawrencedudley/Code/kbuild/vendor/laravel/framework/src/Illuminate/Log/LogManager.php:168)
[stacktrace]
#0 /Users/lawrencedudley/Code/kbuild/vendor/laravel/framework/src/Illuminate/Log/LogManager.php(102): Illuminate\\Log\\LogManager->resolve('default')
#1 /Users/lawrencedudley/Code/kbuild/vendor/laravel/framework/src/Illuminate/Log/LogManager.php(90): Illuminate\\Log\\LogManager->get('default')
#2 /Users/lawrencedudley/Code/kbuild/vendor/laravel/framework/src/Illuminate/Log/LogManager.php(500): Illuminate\\Log\\LogManager->driver()
#3 /Users/lawrencedudley/Code/kbuild/vendor/laravel-zero/foundation/src/Illuminate/Foundation/Exceptions/Handler.php(114): Illuminate\\Log\\LogManager->error('Undefined varia...', Array)
#4 /Users/lawrencedudley/Code/kbuild/vendor/nunomaduro/collision/src/Adapters/Laravel/ExceptionHandler.php(60): Illuminate\\Foundation\\Exceptions\\Handler->report(Object(ErrorException))
#5 /Users/lawrencedudley/Code/kbuild/vendor/laravel-zero/foundation/src/Illuminate/Foundation/Console/Kernel.php(367): NunoMaduro\\Collision\\Adapters\\Laravel\\ExceptionHandler->report(Object(ErrorException))
#6 /Users/lawrencedudley/Code/kbuild/vendor/laravel-zero/foundation/src/Illuminate/Foundation/Console/Kernel.php(124): Illuminate\\Foundation\\Console\\Kernel->reportException(Object(ErrorException))
#7 /Users/lawrencedudley/Code/kbuild/vendor/laravel-zero/framework/src/Kernel.php(77): Illuminate\\Foundation\\Console\\Kernel->handle(Object(Symfony\\Component\\Console\\Input\\ArgvInput), Object(Symfony\\Component\\Console\\Output\\ConsoleOutput))
#8 /Users/lawrencedudley/Code/kbuild/kbuild(37): LaravelZero\\Framework\\Kernel->handle(Object(Symfony\\Component\\Console\\Input\\ArgvInput), Object(Symfony\\Component\\Console\\Output\\ConsoleOutput))
#9 {main}
"} 
[2019-08-12 14:43:35] laravel.ERROR: Undefined variable: yamlLineFileError {"exception":"[object] (ErrorException(code: 0): Undefined variable: yamlLineFileError at /Users/lawrencedudley/Code/kbuild/app/Commands/Create.php:122)
[stacktrace]
#0 /Users/lawrencedudley/Code/kbuild/app/Commands/Create.php(122): Illuminate\\Foundation\\Bootstrap\\HandleExceptions->handleError(8, 'Undefined varia...', '/Users/lawrence...', 122, Array)
#1 [internal function]: App\\Commands\\Create->handle()
#2 /Users/lawrencedudley/Code/kbuild/vendor/laravel/framework/src/Illuminate/Container/BoundMethod.php(32): call_user_func_array(Array, Array)
#3 /Users/lawrencedudley/Code/kbuild/vendor/laravel/framework/src/Illuminate/Container/BoundMethod.php(90): Illuminate\\Container\\BoundMethod::Illuminate\\Container\\{closure}()
#4 /Users/lawrencedudley/Code/kbuild/vendor/laravel/framework/src/Illuminate/Container/BoundMethod.php(34): Illuminate\\Container\\BoundMethod::callBoundMethod(Object(LaravelZero\\Framework\\Application), Array, Object(Closure))
#5 /Users/lawrencedudley/Code/kbuild/vendor/laravel/framework/src/Illuminate/Container/Container.php(580): Illuminate\\Container\\BoundMethod::call(Object(LaravelZero\\Framework\\Application), Array, Array, NULL)
#6 /Users/lawrencedudley/Code/kbuild/vendor/laravel/framework/src/Illuminate/Console/Command.php(183): Illuminate\\Container\\Container->call(Array)
#7 /Users/lawrencedudley/Code/kbuild/vendor/symfony/console/Command/Command.php(255): Illuminate\\Console\\Command->execute(Object(Symfony\\Component\\Console\\Input\\ArgvInput), Object(Illuminate\\Console\\OutputStyle))
#8 /Users/lawrencedudley/Code/kbuild/vendor/laravel/framework/src/Illuminate/Console/Command.php(170): Symfony\\Component\\Console\\Command\\Command->run(Object(Symfony\\Component\\Console\\Input\\ArgvInput), Object(Illuminate\\Console\\OutputStyle))
#9 /Users/lawrencedudley/Code/kbuild/vendor/symfony/console/Application.php(908): Illuminate\\Console\\Command->run(Object(Symfony\\Component\\Console\\Input\\ArgvInput), Object(Symfony\\Component\\Console\\Output\\ConsoleOutput))
#10 /Users/lawrencedudley/Code/kbuild/vendor/symfony/console/Application.php(269): Symfony\\Component\\Console\\Application->doRunCommand(Object(App\\Commands\\Create), Object(Symfony\\Component\\Console\\Input\\ArgvInput), Object(Symfony\\Component\\Console\\Output\\ConsoleOutput))
#11 /Users/lawrencedudley/Code/kbuild/vendor/symfony/console/Application.php(145): Symfony\\Component\\Console\\Application->doRun(Object(Symfony\\Component\\Console\\Input\\ArgvInput), Object(Symfony\\Component\\Console\\Output\\ConsoleOutput))
#12 /Users/lawrencedudley/Code/kbuild/vendor/laravel/framework/src/Illuminate/Console/Application.php(90): Symfony\\Component\\Console\\Application->run(Object(Symfony\\Component\\Console\\Input\\ArgvInput), Object(Symfony\\Component\\Console\\Output\\ConsoleOutput))
#13 /Users/lawrencedudley/Code/kbuild/vendor/laravel-zero/foundation/src/Illuminate/Foundation/Console/Kernel.php(122): Illuminate\\Console\\Application->run(Object(Symfony\\Component\\Console\\Input\\ArgvInput), Object(Symfony\\Component\\Console\\Output\\ConsoleOutput))
#14 /Users/lawrencedudley/Code/kbuild/vendor/laravel-zero/framework/src/Kernel.php(77): Illuminate\\Foundation\\Console\\Kernel->handle(Object(Symfony\\Component\\Console\\Input\\ArgvInput), Object(Symfony\\Component\\Console\\Output\\ConsoleOutput))
#15 /Users/lawrencedudley/Code/kbuild/kbuild(37): LaravelZero\\Framework\\Kernel->handle(Object(Symfony\\Component\\Console\\Input\\ArgvInput), Object(Symfony\\Component\\Console\\Output\\ConsoleOutput))
#16 {main}
"} 
[2019-08-12 14:56:58] laravel.EMERGENCY: Unable to create configured logger. Using emergency logger. {"exception":"[object] (InvalidArgumentException(code: 0): Log [default] is not defined. at /Users/lawrencedudley/Code/kbuild/vendor/laravel/framework/src/Illuminate/Log/LogManager.php:168)
[stacktrace]
#0 /Users/lawrencedudley/Code/kbuild/vendor/laravel/framework/src/Illuminate/Log/LogManager.php(102): Illuminate\\Log\\LogManager->resolve('default')
#1 /Users/lawrencedudley/Code/kbuild/vendor/laravel/framework/src/Illuminate/Log/LogManager.php(90): Illuminate\\Log\\LogManager->get('default')
#2 /Users/lawrencedudley/Code/kbuild/vendor/laravel/framework/src/Illuminate/Log/LogManager.php(500): Illuminate\\Log\\LogManager->driver()
#3 /Users/lawrencedudley/Code/kbuild/vendor/laravel-zero/foundation/src/Illuminate/Foundation/Exceptions/Handler.php(114): Illuminate\\Log\\LogManager->error('syntax error, u...', Array)
#4 /Users/lawrencedudley/Code/kbuild/vendor/nunomaduro/collision/src/Adapters/Laravel/ExceptionHandler.php(60): Illuminate\\Foundation\\Exceptions\\Handler->report(Object(Symfony\\Component\\Debug\\Exception\\FatalThrowableError))
#5 /Users/lawrencedudley/Code/kbuild/vendor/laravel-zero/foundation/src/Illuminate/Foundation/Console/Kernel.php(367): NunoMaduro\\Collision\\Adapters\\Laravel\\ExceptionHandler->report(Object(Symfony\\Component\\Debug\\Exception\\FatalThrowableError))
#6 /Users/lawrencedudley/Code/kbuild/vendor/laravel-zero/foundation/src/Illuminate/Foundation/Console/Kernel.php(132): Illuminate\\Foundation\\Console\\Kernel->reportException(Object(Symfony\\Component\\Debug\\Exception\\FatalThrowableError))
#7 /Users/lawrencedudley/Code/kbuild/vendor/laravel-zero/framework/src/Kernel.php(77): Illuminate\\Foundation\\Console\\Kernel->handle(Object(Symfony\\Component\\Console\\Input\\ArgvInput), Object(Symfony\\Component\\Console\\Output\\ConsoleOutput))
#8 /Users/lawrencedudley/Code/kbuild/kbuild(37): LaravelZero\\Framework\\Kernel->handle(Object(Symfony\\Component\\Console\\Input\\ArgvInput), Object(Symfony\\Component\\Console\\Output\\ConsoleOutput))
#9 {main}
"} 
[2019-08-12 14:56:58] laravel.ERROR: syntax error, unexpected ')' {"exception":"[object] (Symfony\\Component\\Debug\\Exception\\FatalThrowableError(code: 0): syntax error, unexpected ')' at /Users/lawrencedudley/Code/kbuild/app/Commands/Create.php:127)
[stacktrace]
#0 /Users/lawrencedudley/Code/kbuild/vendor/composer/ClassLoader.php(322): Composer\\Autoload\\includeFile('/Users/lawrence...')
#1 [internal function]: Composer\\Autoload\\ClassLoader->loadClass('App\\\\Commands\\\\Cr...')
#2 [internal function]: spl_autoload_call('App\\\\Commands\\\\Cr...')
#3 /Users/lawrencedudley/Code/kbuild/vendor/laravel-zero/foundation/src/Illuminate/Foundation/Console/Kernel.php(230): is_subclass_of('App\\\\Commands\\\\Cr...', 'Illuminate\\\\Cons...')
#4 /Users/lawrencedudley/Code/kbuild/vendor/laravel-zero/framework/src/Kernel.php(105): Illuminate\\Foundation\\Console\\Kernel->load(Array)
#5 /Users/lawrencedudley/Code/kbuild/vendor/laravel-zero/foundation/src/Illuminate/Foundation/Console/Kernel.php(317): LaravelZero\\Framework\\Kernel->commands()
#6 /Users/lawrencedudley/Code/kbuild/vendor/laravel-zero/framework/src/Kernel.php(85): Illuminate\\Foundation\\Console\\Kernel->bootstrap()
#7 /Users/lawrencedudley/Code/kbuild/vendor/laravel-zero/foundation/src/Illuminate/Foundation/Console/Kernel.php(120): LaravelZero\\Framework\\Kernel->bootstrap()
#8 /Users/lawrencedudley/Code/kbuild/vendor/laravel-zero/framework/src/Kernel.php(77): Illuminate\\Foundation\\Console\\Kernel->handle(Object(Symfony\\Component\\Console\\Input\\ArgvInput), Object(Symfony\\Component\\Console\\Output\\ConsoleOutput))
#9 /Users/lawrencedudley/Code/kbuild/kbuild(37): LaravelZero\\Framework\\Kernel->handle(Object(Symfony\\Component\\Console\\Input\\ArgvInput), Object(Symfony\\Component\\Console\\Output\\ConsoleOutput))
#10 {main}
"} 
[2019-08-12 14:57:04] laravel.EMERGENCY: Unable to create configured logger. Using emergency logger. {"exception":"[object] (InvalidArgumentException(code: 0): Log [default] is not defined. at /Users/lawrencedudley/Code/kbuild/vendor/laravel/framework/src/Illuminate/Log/LogManager.php:168)
[stacktrace]
#0 /Users/lawrencedudley/Code/kbuild/vendor/laravel/framework/src/Illuminate/Log/LogManager.php(102): Illuminate\\Log\\LogManager->resolve('default')
#1 /Users/lawrencedudley/Code/kbuild/vendor/laravel/framework/src/Illuminate/Log/LogManager.php(90): Illuminate\\Log\\LogManager->get('default')
#2 /Users/lawrencedudley/Code/kbuild/vendor/laravel/framework/src/Illuminate/Log/LogManager.php(500): Illuminate\\Log\\LogManager->driver()
#3 /Users/lawrencedudley/Code/kbuild/vendor/laravel-zero/foundation/src/Illuminate/Foundation/Exceptions/Handler.php(114): Illuminate\\Log\\LogManager->error('strpos(): needl...', Array)
#4 /Users/lawrencedudley/Code/kbuild/vendor/nunomaduro/collision/src/Adapters/Laravel/ExceptionHandler.php(60): Illuminate\\Foundation\\Exceptions\\Handler->report(Object(ErrorException))
#5 /Users/lawrencedudley/Code/kbuild/vendor/laravel-zero/foundation/src/Illuminate/Foundation/Console/Kernel.php(367): NunoMaduro\\Collision\\Adapters\\Laravel\\ExceptionHandler->report(Object(ErrorException))
#6 /Users/lawrencedudley/Code/kbuild/vendor/laravel-zero/foundation/src/Illuminate/Foundation/Console/Kernel.php(124): Illuminate\\Foundation\\Console\\Kernel->reportException(Object(ErrorException))
#7 /Users/lawrencedudley/Code/kbuild/vendor/laravel-zero/framework/src/Kernel.php(77): Illuminate\\Foundation\\Console\\Kernel->handle(Object(Symfony\\Component\\Console\\Input\\ArgvInput), Object(Symfony\\Component\\Console\\Output\\ConsoleOutput))
#8 /Users/lawrencedudley/Code/kbuild/kbuild(37): LaravelZero\\Framework\\Kernel->handle(Object(Symfony\\Component\\Console\\Input\\ArgvInput), Object(Symfony\\Component\\Console\\Output\\ConsoleOutput))
#9 {main}
"} 
[2019-08-12 14:57:04] laravel.ERROR: strpos(): needle is not a string or an integer {"exception":"[object] (ErrorException(code: 0): strpos(): needle is not a string or an integer at /Users/lawrencedudley/Code/kbuild/app/Commands/Create.php:127)
[stacktrace]
#0 [internal function]: Illuminate\\Foundation\\Bootstrap\\HandleExceptions->handleError(2, 'strpos(): needl...', '/Users/lawrence...', 127, Array)
#1 /Users/lawrencedudley/Code/kbuild/app/Commands/Create.php(127): strpos('  24:4      err...', Array)
#2 [internal function]: App\\Commands\\Create->handle()
#3 /Users/lawrencedudley/Code/kbuild/vendor/laravel/framework/src/Illuminate/Container/BoundMethod.php(32): call_user_func_array(Array, Array)
#4 /Users/lawrencedudley/Code/kbuild/vendor/laravel/framework/src/Illuminate/Container/BoundMethod.php(90): Illuminate\\Container\\BoundMethod::Illuminate\\Container\\{closure}()
#5 /Users/lawrencedudley/Code/kbuild/vendor/laravel/framework/src/Illuminate/Container/BoundMethod.php(34): Illuminate\\Container\\BoundMethod::callBoundMethod(Object(LaravelZero\\Framework\\Application), Array, Object(Closure))
#6 /Users/lawrencedudley/Code/kbuild/vendor/laravel/framework/src/Illuminate/Container/Container.php(580): Illuminate\\Container\\BoundMethod::call(Object(LaravelZero\\Framework\\Application), Array, Array, NULL)
#7 /Users/lawrencedudley/Code/kbuild/vendor/laravel/framework/src/Illuminate/Console/Command.php(183): Illuminate\\Container\\Container->call(Array)
#8 /Users/lawrencedudley/Code/kbuild/vendor/symfony/console/Command/Command.php(255): Illuminate\\Console\\Command->execute(Object(Symfony\\Component\\Console\\Input\\ArgvInput), Object(Illuminate\\Console\\OutputStyle))
#9 /Users/lawrencedudley/Code/kbuild/vendor/laravel/framework/src/Illuminate/Console/Command.php(170): Symfony\\Component\\Console\\Command\\Command->run(Object(Symfony\\Component\\Console\\Input\\ArgvInput), Object(Illuminate\\Console\\OutputStyle))
#10 /Users/lawrencedudley/Code/kbuild/vendor/symfony/console/Application.php(908): Illuminate\\Console\\Command->run(Object(Symfony\\Component\\Console\\Input\\ArgvInput), Object(Symfony\\Component\\Console\\Output\\ConsoleOutput))
#11 /Users/lawrencedudley/Code/kbuild/vendor/symfony/console/Application.php(269): Symfony\\Component\\Console\\Application->doRunCommand(Object(App\\Commands\\Create), Object(Symfony\\Component\\Console\\Input\\ArgvInput), Object(Symfony\\Component\\Console\\Output\\ConsoleOutput))
#12 /Users/lawrencedudley/Code/kbuild/vendor/symfony/console/Application.php(145): Symfony\\Component\\Console\\Application->doRun(Object(Symfony\\Component\\Console\\Input\\ArgvInput), Object(Symfony\\Component\\Console\\Output\\ConsoleOutput))
#13 /Users/lawrencedudley/Code/kbuild/vendor/laravel/framework/src/Illuminate/Console/Application.php(90): Symfony\\Component\\Console\\Application->run(Object(Symfony\\Component\\Console\\Input\\ArgvInput), Object(Symfony\\Component\\Console\\Output\\ConsoleOutput))
#14 /Users/lawrencedudley/Code/kbuild/vendor/laravel-zero/foundation/src/Illuminate/Foundation/Console/Kernel.php(122): Illuminate\\Console\\Application->run(Object(Symfony\\Component\\Console\\Input\\ArgvInput), Object(Symfony\\Component\\Console\\Output\\ConsoleOutput))
#15 /Users/lawrencedudley/Code/kbuild/vendor/laravel-zero/framework/src/Kernel.php(77): Illuminate\\Foundation\\Console\\Kernel->handle(Object(Symfony\\Component\\Console\\Input\\ArgvInput), Object(Symfony\\Component\\Console\\Output\\ConsoleOutput))
#16 /Users/lawrencedudley/Code/kbuild/kbuild(37): LaravelZero\\Framework\\Kernel->handle(Object(Symfony\\Component\\Console\\Input\\ArgvInput), Object(Symfony\\Component\\Console\\Output\\ConsoleOutput))
#17 {main}
"} 
[2019-08-12 15:01:00] laravel.EMERGENCY: Unable to create configured logger. Using emergency logger. {"exception":"[object] (InvalidArgumentException(code: 0): Log [default] is not defined. at /Users/lawrencedudley/Code/kbuild/vendor/laravel/framework/src/Illuminate/Log/LogManager.php:168)
[stacktrace]
#0 /Users/lawrencedudley/Code/kbuild/vendor/laravel/framework/src/Illuminate/Log/LogManager.php(102): Illuminate\\Log\\LogManager->resolve('default')
#1 /Users/lawrencedudley/Code/kbuild/vendor/laravel/framework/src/Illuminate/Log/LogManager.php(90): Illuminate\\Log\\LogManager->get('default')
#2 /Users/lawrencedudley/Code/kbuild/vendor/laravel/framework/src/Illuminate/Log/LogManager.php(500): Illuminate\\Log\\LogManager->driver()
#3 /Users/lawrencedudley/Code/kbuild/vendor/laravel-zero/foundation/src/Illuminate/Foundation/Exceptions/Handler.php(114): Illuminate\\Log\\LogManager->error('syntax error, u...', Array)
#4 /Users/lawrencedudley/Code/kbuild/vendor/nunomaduro/collision/src/Adapters/Laravel/ExceptionHandler.php(60): Illuminate\\Foundation\\Exceptions\\Handler->report(Object(Symfony\\Component\\Debug\\Exception\\FatalThrowableError))
#5 /Users/lawrencedudley/Code/kbuild/vendor/laravel-zero/foundation/src/Illuminate/Foundation/Console/Kernel.php(367): NunoMaduro\\Collision\\Adapters\\Laravel\\ExceptionHandler->report(Object(Symfony\\Component\\Debug\\Exception\\FatalThrowableError))
#6 /Users/lawrencedudley/Code/kbuild/vendor/laravel-zero/foundation/src/Illuminate/Foundation/Console/Kernel.php(132): Illuminate\\Foundation\\Console\\Kernel->reportException(Object(Symfony\\Component\\Debug\\Exception\\FatalThrowableError))
#7 /Users/lawrencedudley/Code/kbuild/vendor/laravel-zero/framework/src/Kernel.php(77): Illuminate\\Foundation\\Console\\Kernel->handle(Object(Symfony\\Component\\Console\\Input\\ArgvInput), Object(Symfony\\Component\\Console\\Output\\ConsoleOutput))
#8 /Users/lawrencedudley/Code/kbuild/kbuild(37): LaravelZero\\Framework\\Kernel->handle(Object(Symfony\\Component\\Console\\Input\\ArgvInput), Object(Symfony\\Component\\Console\\Output\\ConsoleOutput))
#9 {main}
"} 
[2019-08-12 15:01:00] laravel.ERROR: syntax error, unexpected 'exit' (T_EXIT), expecting function (T_FUNCTION) or const (T_CONST) {"exception":"[object] (Symfony\\Component\\Debug\\Exception\\FatalThrowableError(code: 0): syntax error, unexpected 'exit' (T_EXIT), expecting function (T_FUNCTION) or const (T_CONST) at /Users/lawrencedudley/Code/kbuild/app/Commands/Create.php:173)
[stacktrace]
#0 /Users/lawrencedudley/Code/kbuild/vendor/composer/ClassLoader.php(322): Composer\\Autoload\\includeFile('/Users/lawrence...')
#1 [internal function]: Composer\\Autoload\\ClassLoader->loadClass('App\\\\Commands\\\\Cr...')
#2 [internal function]: spl_autoload_call('App\\\\Commands\\\\Cr...')
#3 /Users/lawrencedudley/Code/kbuild/vendor/laravel-zero/foundation/src/Illuminate/Foundation/Console/Kernel.php(230): is_subclass_of('App\\\\Commands\\\\Cr...', 'Illuminate\\\\Cons...')
#4 /Users/lawrencedudley/Code/kbuild/vendor/laravel-zero/framework/src/Kernel.php(105): Illuminate\\Foundation\\Console\\Kernel->load(Array)
#5 /Users/lawrencedudley/Code/kbuild/vendor/laravel-zero/foundation/src/Illuminate/Foundation/Console/Kernel.php(317): LaravelZero\\Framework\\Kernel->commands()
#6 /Users/lawrencedudley/Code/kbuild/vendor/laravel-zero/framework/src/Kernel.php(85): Illuminate\\Foundation\\Console\\Kernel->bootstrap()
#7 /Users/lawrencedudley/Code/kbuild/vendor/laravel-zero/foundation/src/Illuminate/Foundation/Console/Kernel.php(120): LaravelZero\\Framework\\Kernel->bootstrap()
#8 /Users/lawrencedudley/Code/kbuild/vendor/laravel-zero/framework/src/Kernel.php(77): Illuminate\\Foundation\\Console\\Kernel->handle(Object(Symfony\\Component\\Console\\Input\\ArgvInput), Object(Symfony\\Component\\Console\\Output\\ConsoleOutput))
#9 /Users/lawrencedudley/Code/kbuild/kbuild(37): LaravelZero\\Framework\\Kernel->handle(Object(Symfony\\Component\\Console\\Input\\ArgvInput), Object(Symfony\\Component\\Console\\Output\\ConsoleOutput))
#10 {main}
"} 
[2019-08-12 15:05:34] laravel.EMERGENCY: Unable to create configured logger. Using emergency logger. {"exception":"[object] (InvalidArgumentException(code: 0): Log [default] is not defined. at /Users/lawrencedudley/Code/kbuild/vendor/laravel/framework/src/Illuminate/Log/LogManager.php:168)
[stacktrace]
#0 /Users/lawrencedudley/Code/kbuild/vendor/laravel/framework/src/Illuminate/Log/LogManager.php(102): Illuminate\\Log\\LogManager->resolve('default')
#1 /Users/lawrencedudley/Code/kbuild/vendor/laravel/framework/src/Illuminate/Log/LogManager.php(90): Illuminate\\Log\\LogManager->get('default')
#2 /Users/lawrencedudley/Code/kbuild/vendor/laravel/framework/src/Illuminate/Log/LogManager.php(500): Illuminate\\Log\\LogManager->driver()
#3 /Users/lawrencedudley/Code/kbuild/vendor/laravel-zero/foundation/src/Illuminate/Foundation/Exceptions/Handler.php(114): Illuminate\\Log\\LogManager->error('Class 'App\\\\Comm...', Array)
#4 /Users/lawrencedudley/Code/kbuild/vendor/nunomaduro/collision/src/Adapters/Laravel/ExceptionHandler.php(60): Illuminate\\Foundation\\Exceptions\\Handler->report(Object(Symfony\\Component\\Debug\\Exception\\FatalThrowableError))
#5 /Users/lawrencedudley/Code/kbuild/vendor/laravel-zero/foundation/src/Illuminate/Foundation/Console/Kernel.php(367): NunoMaduro\\Collision\\Adapters\\Laravel\\ExceptionHandler->report(Object(Symfony\\Component\\Debug\\Exception\\FatalThrowableError))
#6 /Users/lawrencedudley/Code/kbuild/vendor/laravel-zero/foundation/src/Illuminate/Foundation/Console/Kernel.php(132): Illuminate\\Foundation\\Console\\Kernel->reportException(Object(Symfony\\Component\\Debug\\Exception\\FatalThrowableError))
#7 /Users/lawrencedudley/Code/kbuild/vendor/laravel-zero/framework/src/Kernel.php(77): Illuminate\\Foundation\\Console\\Kernel->handle(Object(Symfony\\Component\\Console\\Input\\ArgvInput), Object(Symfony\\Component\\Console\\Output\\ConsoleOutput))
#8 /Users/lawrencedudley/Code/kbuild/kbuild(37): LaravelZero\\Framework\\Kernel->handle(Object(Symfony\\Component\\Console\\Input\\ArgvInput), Object(Symfony\\Component\\Console\\Output\\ConsoleOutput))
#9 {main}
"} 
[2019-08-12 15:05:34] laravel.ERROR: Class 'App\Commands\TableCell' not found {"exception":"[object] (Symfony\\Component\\Debug\\Exception\\FatalThrowableError(code: 0): Class 'App\\Commands\\TableCell' not found at /Users/lawrencedudley/Code/kbuild/app/Commands/Create.php:153)
[stacktrace]
#0 [internal function]: App\\Commands\\Create->handle()
#1 /Users/lawrencedudley/Code/kbuild/vendor/laravel/framework/src/Illuminate/Container/BoundMethod.php(32): call_user_func_array(Array, Array)
#2 /Users/lawrencedudley/Code/kbuild/vendor/laravel/framework/src/Illuminate/Container/BoundMethod.php(90): Illuminate\\Container\\BoundMethod::Illuminate\\Container\\{closure}()
#3 /Users/lawrencedudley/Code/kbuild/vendor/laravel/framework/src/Illuminate/Container/BoundMethod.php(34): Illuminate\\Container\\BoundMethod::callBoundMethod(Object(LaravelZero\\Framework\\Application), Array, Object(Closure))
#4 /Users/lawrencedudley/Code/kbuild/vendor/laravel/framework/src/Illuminate/Container/Container.php(580): Illuminate\\Container\\BoundMethod::call(Object(LaravelZero\\Framework\\Application), Array, Array, NULL)
#5 /Users/lawrencedudley/Code/kbuild/vendor/laravel/framework/src/Illuminate/Console/Command.php(183): Illuminate\\Container\\Container->call(Array)
#6 /Users/lawrencedudley/Code/kbuild/vendor/symfony/console/Command/Command.php(255): Illuminate\\Console\\Command->execute(Object(Symfony\\Component\\Console\\Input\\ArgvInput), Object(Illuminate\\Console\\OutputStyle))
#7 /Users/lawrencedudley/Code/kbuild/vendor/laravel/framework/src/Illuminate/Console/Command.php(170): Symfony\\Component\\Console\\Command\\Command->run(Object(Symfony\\Component\\Console\\Input\\ArgvInput), Object(Illuminate\\Console\\OutputStyle))
#8 /Users/lawrencedudley/Code/kbuild/vendor/symfony/console/Application.php(908): Illuminate\\Console\\Command->run(Object(Symfony\\Component\\Console\\Input\\ArgvInput), Object(Symfony\\Component\\Console\\Output\\ConsoleOutput))
#9 /Users/lawrencedudley/Code/kbuild/vendor/symfony/console/Application.php(269): Symfony\\Component\\Console\\Application->doRunCommand(Object(App\\Commands\\Create), Object(Symfony\\Component\\Console\\Input\\ArgvInput), Object(Symfony\\Component\\Console\\Output\\ConsoleOutput))
#10 /Users/lawrencedudley/Code/kbuild/vendor/symfony/console/Application.php(145): Symfony\\Component\\Console\\Application->doRun(Object(Symfony\\Component\\Console\\Input\\ArgvInput), Object(Symfony\\Component\\Console\\Output\\ConsoleOutput))
#11 /Users/lawrencedudley/Code/kbuild/vendor/laravel/framework/src/Illuminate/Console/Application.php(90): Symfony\\Component\\Console\\Application->run(Object(Symfony\\Component\\Console\\Input\\ArgvInput), Object(Symfony\\Component\\Console\\Output\\ConsoleOutput))
#12 /Users/lawrencedudley/Code/kbuild/vendor/laravel-zero/foundation/src/Illuminate/Foundation/Console/Kernel.php(122): Illuminate\\Console\\Application->run(Object(Symfony\\Component\\Console\\Input\\ArgvInput), Object(Symfony\\Component\\Console\\Output\\ConsoleOutput))
#13 /Users/lawrencedudley/Code/kbuild/vendor/laravel-zero/framework/src/Kernel.php(77): Illuminate\\Foundation\\Console\\Kernel->handle(Object(Symfony\\Component\\Console\\Input\\ArgvInput), Object(Symfony\\Component\\Console\\Output\\ConsoleOutput))
#14 /Users/lawrencedudley/Code/kbuild/kbuild(37): LaravelZero\\Framework\\Kernel->handle(Object(Symfony\\Component\\Console\\Input\\ArgvInput), Object(Symfony\\Component\\Console\\Output\\ConsoleOutput))
#15 {main}
"} 
[2019-08-12 15:05:50] laravel.EMERGENCY: Unable to create configured logger. Using emergency logger. {"exception":"[object] (InvalidArgumentException(code: 0): Log [default] is not defined. at /Users/lawrencedudley/Code/kbuild/vendor/laravel/framework/src/Illuminate/Log/LogManager.php:168)
[stacktrace]
#0 /Users/lawrencedudley/Code/kbuild/vendor/laravel/framework/src/Illuminate/Log/LogManager.php(102): Illuminate\\Log\\LogManager->resolve('default')
#1 /Users/lawrencedudley/Code/kbuild/vendor/laravel/framework/src/Illuminate/Log/LogManager.php(90): Illuminate\\Log\\LogManager->get('default')
#2 /Users/lawrencedudley/Code/kbuild/vendor/laravel/framework/src/Illuminate/Log/LogManager.php(500): Illuminate\\Log\\LogManager->driver()
#3 /Users/lawrencedudley/Code/kbuild/vendor/laravel-zero/foundation/src/Illuminate/Foundation/Exceptions/Handler.php(114): Illuminate\\Log\\LogManager->error('A row must be a...', Array)
#4 /Users/lawrencedudley/Code/kbuild/vendor/nunomaduro/collision/src/Adapters/Laravel/ExceptionHandler.php(60): Illuminate\\Foundation\\Exceptions\\Handler->report(Object(Symfony\\Component\\Console\\Exception\\InvalidArgumentException))
#5 /Users/lawrencedudley/Code/kbuild/vendor/laravel-zero/foundation/src/Illuminate/Foundation/Console/Kernel.php(367): NunoMaduro\\Collision\\Adapters\\Laravel\\ExceptionHandler->report(Object(Symfony\\Component\\Console\\Exception\\InvalidArgumentException))
#6 /Users/lawrencedudley/Code/kbuild/vendor/laravel-zero/foundation/src/Illuminate/Foundation/Console/Kernel.php(124): Illuminate\\Foundation\\Console\\Kernel->reportException(Object(Symfony\\Component\\Console\\Exception\\InvalidArgumentException))
#7 /Users/lawrencedudley/Code/kbuild/vendor/laravel-zero/framework/src/Kernel.php(77): Illuminate\\Foundation\\Console\\Kernel->handle(Object(Symfony\\Component\\Console\\Input\\ArgvInput), Object(Symfony\\Component\\Console\\Output\\ConsoleOutput))
#8 /Users/lawrencedudley/Code/kbuild/kbuild(37): LaravelZero\\Framework\\Kernel->handle(Object(Symfony\\Component\\Console\\Input\\ArgvInput), Object(Symfony\\Component\\Console\\Output\\ConsoleOutput))
#9 {main}
"} 
[2019-08-12 15:05:50] laravel.ERROR: A row must be an array or a TableSeparator instance. {"exception":"[object] (Symfony\\Component\\Console\\Exception\\InvalidArgumentException(code: 0): A row must be an array or a TableSeparator instance. at /Users/lawrencedudley/Code/kbuild/vendor/symfony/console/Helper/Table.php:279)
[stacktrace]
#0 /Users/lawrencedudley/Code/kbuild/vendor/symfony/console/Helper/Table.php(264): Symfony\\Component\\Console\\Helper\\Table->addRow('Line')
#1 /Users/lawrencedudley/Code/kbuild/vendor/symfony/console/Helper/Table.php(258): Symfony\\Component\\Console\\Helper\\Table->addRows(Array)
#2 /Users/lawrencedudley/Code/kbuild/vendor/laravel/framework/src/Illuminate/Console/Command.php(429): Symfony\\Component\\Console\\Helper\\Table->setRows(Array)
#3 /Users/lawrencedudley/Code/kbuild/app/Commands/Create.php(161): Illuminate\\Console\\Command->table(Array, Array, Array)
#4 [internal function]: App\\Commands\\Create->handle()
#5 /Users/lawrencedudley/Code/kbuild/vendor/laravel/framework/src/Illuminate/Container/BoundMethod.php(32): call_user_func_array(Array, Array)
#6 /Users/lawrencedudley/Code/kbuild/vendor/laravel/framework/src/Illuminate/Container/BoundMethod.php(90): Illuminate\\Container\\BoundMethod::Illuminate\\Container\\{closure}()
#7 /Users/lawrencedudley/Code/kbuild/vendor/laravel/framework/src/Illuminate/Container/BoundMethod.php(34): Illuminate\\Container\\BoundMethod::callBoundMethod(Object(LaravelZero\\Framework\\Application), Array, Object(Closure))
#8 /Users/lawrencedudley/Code/kbuild/vendor/laravel/framework/src/Illuminate/Container/Container.php(580): Illuminate\\Container\\BoundMethod::call(Object(LaravelZero\\Framework\\Application), Array, Array, NULL)
#9 /Users/lawrencedudley/Code/kbuild/vendor/laravel/framework/src/Illuminate/Console/Command.php(183): Illuminate\\Container\\Container->call(Array)
#10 /Users/lawrencedudley/Code/kbuild/vendor/symfony/console/Command/Command.php(255): Illuminate\\Console\\Command->execute(Object(Symfony\\Component\\Console\\Input\\ArgvInput), Object(Illuminate\\Console\\OutputStyle))
#11 /Users/lawrencedudley/Code/kbuild/vendor/laravel/framework/src/Illuminate/Console/Command.php(170): Symfony\\Component\\Console\\Command\\Command->run(Object(Symfony\\Component\\Console\\Input\\ArgvInput), Object(Illuminate\\Console\\OutputStyle))
#12 /Users/lawrencedudley/Code/kbuild/vendor/symfony/console/Application.php(908): Illuminate\\Console\\Command->run(Object(Symfony\\Component\\Console\\Input\\ArgvInput), Object(Symfony\\Component\\Console\\Output\\ConsoleOutput))
#13 /Users/lawrencedudley/Code/kbuild/vendor/symfony/console/Application.php(269): Symfony\\Component\\Console\\Application->doRunCommand(Object(App\\Commands\\Create), Object(Symfony\\Component\\Console\\Input\\ArgvInput), Object(Symfony\\Component\\Console\\Output\\ConsoleOutput))
#14 /Users/lawrencedudley/Code/kbuild/vendor/symfony/console/Application.php(145): Symfony\\Component\\Console\\Application->doRun(Object(Symfony\\Component\\Console\\Input\\ArgvInput), Object(Symfony\\Component\\Console\\Output\\ConsoleOutput))
#15 /Users/lawrencedudley/Code/kbuild/vendor/laravel/framework/src/Illuminate/Console/Application.php(90): Symfony\\Component\\Console\\Application->run(Object(Symfony\\Component\\Console\\Input\\ArgvInput), Object(Symfony\\Component\\Console\\Output\\ConsoleOutput))
#16 /Users/lawrencedudley/Code/kbuild/vendor/laravel-zero/foundation/src/Illuminate/Foundation/Console/Kernel.php(122): Illuminate\\Console\\Application->run(Object(Symfony\\Component\\Console\\Input\\ArgvInput), Object(Symfony\\Component\\Console\\Output\\ConsoleOutput))
#17 /Users/lawrencedudley/Code/kbuild/vendor/laravel-zero/framework/src/Kernel.php(77): Illuminate\\Foundation\\Console\\Kernel->handle(Object(Symfony\\Component\\Console\\Input\\ArgvInput), Object(Symfony\\Component\\Console\\Output\\ConsoleOutput))
#18 /Users/lawrencedudley/Code/kbuild/kbuild(37): LaravelZero\\Framework\\Kernel->handle(Object(Symfony\\Component\\Console\\Input\\ArgvInput), Object(Symfony\\Component\\Console\\Output\\ConsoleOutput))
#19 {main}
"} 
[2019-08-12 15:06:42] laravel.EMERGENCY: Unable to create configured logger. Using emergency logger. {"exception":"[object] (InvalidArgumentException(code: 0): Log [default] is not defined. at /Users/lawrencedudley/Code/kbuild/vendor/laravel/framework/src/Illuminate/Log/LogManager.php:168)
[stacktrace]
#0 /Users/lawrencedudley/Code/kbuild/vendor/laravel/framework/src/Illuminate/Log/LogManager.php(102): Illuminate\\Log\\LogManager->resolve('default')
#1 /Users/lawrencedudley/Code/kbuild/vendor/laravel/framework/src/Illuminate/Log/LogManager.php(90): Illuminate\\Log\\LogManager->get('default')
#2 /Users/lawrencedudley/Code/kbuild/vendor/laravel/framework/src/Illuminate/Log/LogManager.php(500): Illuminate\\Log\\LogManager->driver()
#3 /Users/lawrencedudley/Code/kbuild/vendor/laravel-zero/foundation/src/Illuminate/Foundation/Exceptions/Handler.php(114): Illuminate\\Log\\LogManager->error('A row must be a...', Array)
#4 /Users/lawrencedudley/Code/kbuild/vendor/nunomaduro/collision/src/Adapters/Laravel/ExceptionHandler.php(60): Illuminate\\Foundation\\Exceptions\\Handler->report(Object(Symfony\\Component\\Console\\Exception\\InvalidArgumentException))
#5 /Users/lawrencedudley/Code/kbuild/vendor/laravel-zero/foundation/src/Illuminate/Foundation/Console/Kernel.php(367): NunoMaduro\\Collision\\Adapters\\Laravel\\ExceptionHandler->report(Object(Symfony\\Component\\Console\\Exception\\InvalidArgumentException))
#6 /Users/lawrencedudley/Code/kbuild/vendor/laravel-zero/foundation/src/Illuminate/Foundation/Console/Kernel.php(124): Illuminate\\Foundation\\Console\\Kernel->reportException(Object(Symfony\\Component\\Console\\Exception\\InvalidArgumentException))
#7 /Users/lawrencedudley/Code/kbuild/vendor/laravel-zero/framework/src/Kernel.php(77): Illuminate\\Foundation\\Console\\Kernel->handle(Object(Symfony\\Component\\Console\\Input\\ArgvInput), Object(Symfony\\Component\\Console\\Output\\ConsoleOutput))
#8 /Users/lawrencedudley/Code/kbuild/kbuild(37): LaravelZero\\Framework\\Kernel->handle(Object(Symfony\\Component\\Console\\Input\\ArgvInput), Object(Symfony\\Component\\Console\\Output\\ConsoleOutput))
#9 {main}
"} 
[2019-08-12 15:06:42] laravel.ERROR: A row must be an array or a TableSeparator instance. {"exception":"[object] (Symfony\\Component\\Console\\Exception\\InvalidArgumentException(code: 0): A row must be an array or a TableSeparator instance. at /Users/lawrencedudley/Code/kbuild/vendor/symfony/console/Helper/Table.php:279)
[stacktrace]
#0 /Users/lawrencedudley/Code/kbuild/vendor/symfony/console/Helper/Table.php(264): Symfony\\Component\\Console\\Helper\\Table->addRow('Line')
#1 /Users/lawrencedudley/Code/kbuild/vendor/symfony/console/Helper/Table.php(258): Symfony\\Component\\Console\\Helper\\Table->addRows(Array)
#2 /Users/lawrencedudley/Code/kbuild/vendor/laravel/framework/src/Illuminate/Console/Command.php(429): Symfony\\Component\\Console\\Helper\\Table->setRows(Array)
#3 /Users/lawrencedudley/Code/kbuild/app/Commands/Create.php(161): Illuminate\\Console\\Command->table(Array, Array, Array)
#4 [internal function]: App\\Commands\\Create->handle()
#5 /Users/lawrencedudley/Code/kbuild/vendor/laravel/framework/src/Illuminate/Container/BoundMethod.php(32): call_user_func_array(Array, Array)
#6 /Users/lawrencedudley/Code/kbuild/vendor/laravel/framework/src/Illuminate/Container/BoundMethod.php(90): Illuminate\\Container\\BoundMethod::Illuminate\\Container\\{closure}()
#7 /Users/lawrencedudley/Code/kbuild/vendor/laravel/framework/src/Illuminate/Container/BoundMethod.php(34): Illuminate\\Container\\BoundMethod::callBoundMethod(Object(LaravelZero\\Framework\\Application), Array, Object(Closure))
#8 /Users/lawrencedudley/Code/kbuild/vendor/laravel/framework/src/Illuminate/Container/Container.php(580): Illuminate\\Container\\BoundMethod::call(Object(LaravelZero\\Framework\\Application), Array, Array, NULL)
#9 /Users/lawrencedudley/Code/kbuild/vendor/laravel/framework/src/Illuminate/Console/Command.php(183): Illuminate\\Container\\Container->call(Array)
#10 /Users/lawrencedudley/Code/kbuild/vendor/symfony/console/Command/Command.php(255): Illuminate\\Console\\Command->execute(Object(Symfony\\Component\\Console\\Input\\ArgvInput), Object(Illuminate\\Console\\OutputStyle))
#11 /Users/lawrencedudley/Code/kbuild/vendor/laravel/framework/src/Illuminate/Console/Command.php(170): Symfony\\Component\\Console\\Command\\Command->run(Object(Symfony\\Component\\Console\\Input\\ArgvInput), Object(Illuminate\\Console\\OutputStyle))
#12 /Users/lawrencedudley/Code/kbuild/vendor/symfony/console/Application.php(908): Illuminate\\Console\\Command->run(Object(Symfony\\Component\\Console\\Input\\ArgvInput), Object(Symfony\\Component\\Console\\Output\\ConsoleOutput))
#13 /Users/lawrencedudley/Code/kbuild/vendor/symfony/console/Application.php(269): Symfony\\Component\\Console\\Application->doRunCommand(Object(App\\Commands\\Create), Object(Symfony\\Component\\Console\\Input\\ArgvInput), Object(Symfony\\Component\\Console\\Output\\ConsoleOutput))
#14 /Users/lawrencedudley/Code/kbuild/vendor/symfony/console/Application.php(145): Symfony\\Component\\Console\\Application->doRun(Object(Symfony\\Component\\Console\\Input\\ArgvInput), Object(Symfony\\Component\\Console\\Output\\ConsoleOutput))
#15 /Users/lawrencedudley/Code/kbuild/vendor/laravel/framework/src/Illuminate/Console/Application.php(90): Symfony\\Component\\Console\\Application->run(Object(Symfony\\Component\\Console\\Input\\ArgvInput), Object(Symfony\\Component\\Console\\Output\\ConsoleOutput))
#16 /Users/lawrencedudley/Code/kbuild/vendor/laravel-zero/foundation/src/Illuminate/Foundation/Console/Kernel.php(122): Illuminate\\Console\\Application->run(Object(Symfony\\Component\\Console\\Input\\ArgvInput), Object(Symfony\\Component\\Console\\Output\\ConsoleOutput))
#17 /Users/lawrencedudley/Code/kbuild/vendor/laravel-zero/framework/src/Kernel.php(77): Illuminate\\Foundation\\Console\\Kernel->handle(Object(Symfony\\Component\\Console\\Input\\ArgvInput), Object(Symfony\\Component\\Console\\Output\\ConsoleOutput))
#18 /Users/lawrencedudley/Code/kbuild/kbuild(37): LaravelZero\\Framework\\Kernel->handle(Object(Symfony\\Component\\Console\\Input\\ArgvInput), Object(Symfony\\Component\\Console\\Output\\ConsoleOutput))
#19 {main}
"} 
[2019-08-12 15:06:49] laravel.EMERGENCY: Unable to create configured logger. Using emergency logger. {"exception":"[object] (InvalidArgumentException(code: 0): Log [default] is not defined. at /Users/lawrencedudley/Code/kbuild/vendor/laravel/framework/src/Illuminate/Log/LogManager.php:168)
[stacktrace]
#0 /Users/lawrencedudley/Code/kbuild/vendor/laravel/framework/src/Illuminate/Log/LogManager.php(102): Illuminate\\Log\\LogManager->resolve('default')
#1 /Users/lawrencedudley/Code/kbuild/vendor/laravel/framework/src/Illuminate/Log/LogManager.php(90): Illuminate\\Log\\LogManager->get('default')
#2 /Users/lawrencedudley/Code/kbuild/vendor/laravel/framework/src/Illuminate/Log/LogManager.php(500): Illuminate\\Log\\LogManager->driver()
#3 /Users/lawrencedudley/Code/kbuild/vendor/laravel-zero/foundation/src/Illuminate/Foundation/Exceptions/Handler.php(114): Illuminate\\Log\\LogManager->error('A row must be a...', Array)
#4 /Users/lawrencedudley/Code/kbuild/vendor/nunomaduro/collision/src/Adapters/Laravel/ExceptionHandler.php(60): Illuminate\\Foundation\\Exceptions\\Handler->report(Object(Symfony\\Component\\Console\\Exception\\InvalidArgumentException))
#5 /Users/lawrencedudley/Code/kbuild/vendor/laravel-zero/foundation/src/Illuminate/Foundation/Console/Kernel.php(367): NunoMaduro\\Collision\\Adapters\\Laravel\\ExceptionHandler->report(Object(Symfony\\Component\\Console\\Exception\\InvalidArgumentException))
#6 /Users/lawrencedudley/Code/kbuild/vendor/laravel-zero/foundation/src/Illuminate/Foundation/Console/Kernel.php(124): Illuminate\\Foundation\\Console\\Kernel->reportException(Object(Symfony\\Component\\Console\\Exception\\InvalidArgumentException))
#7 /Users/lawrencedudley/Code/kbuild/vendor/laravel-zero/framework/src/Kernel.php(77): Illuminate\\Foundation\\Console\\Kernel->handle(Object(Symfony\\Component\\Console\\Input\\ArgvInput), Object(Symfony\\Component\\Console\\Output\\ConsoleOutput))
#8 /Users/lawrencedudley/Code/kbuild/kbuild(37): LaravelZero\\Framework\\Kernel->handle(Object(Symfony\\Component\\Console\\Input\\ArgvInput), Object(Symfony\\Component\\Console\\Output\\ConsoleOutput))
#9 {main}
"} 
[2019-08-12 15:06:49] laravel.ERROR: A row must be an array or a TableSeparator instance. {"exception":"[object] (Symfony\\Component\\Console\\Exception\\InvalidArgumentException(code: 0): A row must be an array or a TableSeparator instance. at /Users/lawrencedudley/Code/kbuild/vendor/symfony/console/Helper/Table.php:279)
[stacktrace]
#0 /Users/lawrencedudley/Code/kbuild/vendor/symfony/console/Helper/Table.php(264): Symfony\\Component\\Console\\Helper\\Table->addRow('Line')
#1 /Users/lawrencedudley/Code/kbuild/vendor/symfony/console/Helper/Table.php(258): Symfony\\Component\\Console\\Helper\\Table->addRows(Array)
#2 /Users/lawrencedudley/Code/kbuild/vendor/laravel/framework/src/Illuminate/Console/Command.php(429): Symfony\\Component\\Console\\Helper\\Table->setRows(Array)
#3 /Users/lawrencedudley/Code/kbuild/app/Commands/Create.php(161): Illuminate\\Console\\Command->table(Array, Array, Array)
#4 [internal function]: App\\Commands\\Create->handle()
#5 /Users/lawrencedudley/Code/kbuild/vendor/laravel/framework/src/Illuminate/Container/BoundMethod.php(32): call_user_func_array(Array, Array)
#6 /Users/lawrencedudley/Code/kbuild/vendor/laravel/framework/src/Illuminate/Container/BoundMethod.php(90): Illuminate\\Container\\BoundMethod::Illuminate\\Container\\{closure}()
#7 /Users/lawrencedudley/Code/kbuild/vendor/laravel/framework/src/Illuminate/Container/BoundMethod.php(34): Illuminate\\Container\\BoundMethod::callBoundMethod(Object(LaravelZero\\Framework\\Application), Array, Object(Closure))
#8 /Users/lawrencedudley/Code/kbuild/vendor/laravel/framework/src/Illuminate/Container/Container.php(580): Illuminate\\Container\\BoundMethod::call(Object(LaravelZero\\Framework\\Application), Array, Array, NULL)
#9 /Users/lawrencedudley/Code/kbuild/vendor/laravel/framework/src/Illuminate/Console/Command.php(183): Illuminate\\Container\\Container->call(Array)
#10 /Users/lawrencedudley/Code/kbuild/vendor/symfony/console/Command/Command.php(255): Illuminate\\Console\\Command->execute(Object(Symfony\\Component\\Console\\Input\\ArgvInput), Object(Illuminate\\Console\\OutputStyle))
#11 /Users/lawrencedudley/Code/kbuild/vendor/laravel/framework/src/Illuminate/Console/Command.php(170): Symfony\\Component\\Console\\Command\\Command->run(Object(Symfony\\Component\\Console\\Input\\ArgvInput), Object(Illuminate\\Console\\OutputStyle))
#12 /Users/lawrencedudley/Code/kbuild/vendor/symfony/console/Application.php(908): Illuminate\\Console\\Command->run(Object(Symfony\\Component\\Console\\Input\\ArgvInput), Object(Symfony\\Component\\Console\\Output\\ConsoleOutput))
#13 /Users/lawrencedudley/Code/kbuild/vendor/symfony/console/Application.php(269): Symfony\\Component\\Console\\Application->doRunCommand(Object(App\\Commands\\Create), Object(Symfony\\Component\\Console\\Input\\ArgvInput), Object(Symfony\\Component\\Console\\Output\\ConsoleOutput))
#14 /Users/lawrencedudley/Code/kbuild/vendor/symfony/console/Application.php(145): Symfony\\Component\\Console\\Application->doRun(Object(Symfony\\Component\\Console\\Input\\ArgvInput), Object(Symfony\\Component\\Console\\Output\\ConsoleOutput))
#15 /Users/lawrencedudley/Code/kbuild/vendor/laravel/framework/src/Illuminate/Console/Application.php(90): Symfony\\Component\\Console\\Application->run(Object(Symfony\\Component\\Console\\Input\\ArgvInput), Object(Symfony\\Component\\Console\\Output\\ConsoleOutput))
#16 /Users/lawrencedudley/Code/kbuild/vendor/laravel-zero/foundation/src/Illuminate/Foundation/Console/Kernel.php(122): Illuminate\\Console\\Application->run(Object(Symfony\\Component\\Console\\Input\\ArgvInput), Object(Symfony\\Component\\Console\\Output\\ConsoleOutput))
#17 /Users/lawrencedudley/Code/kbuild/vendor/laravel-zero/framework/src/Kernel.php(77): Illuminate\\Foundation\\Console\\Kernel->handle(Object(Symfony\\Component\\Console\\Input\\ArgvInput), Object(Symfony\\Component\\Console\\Output\\ConsoleOutput))
#18 /Users/lawrencedudley/Code/kbuild/kbuild(37): LaravelZero\\Framework\\Kernel->handle(Object(Symfony\\Component\\Console\\Input\\ArgvInput), Object(Symfony\\Component\\Console\\Output\\ConsoleOutput))
#19 {main}
"} 
[2019-08-12 15:07:15] laravel.EMERGENCY: Unable to create configured logger. Using emergency logger. {"exception":"[object] (InvalidArgumentException(code: 0): Log [default] is not defined. at /Users/lawrencedudley/Code/kbuild/vendor/laravel/framework/src/Illuminate/Log/LogManager.php:168)
[stacktrace]
#0 /Users/lawrencedudley/Code/kbuild/vendor/laravel/framework/src/Illuminate/Log/LogManager.php(102): Illuminate\\Log\\LogManager->resolve('default')
#1 /Users/lawrencedudley/Code/kbuild/vendor/laravel/framework/src/Illuminate/Log/LogManager.php(90): Illuminate\\Log\\LogManager->get('default')
#2 /Users/lawrencedudley/Code/kbuild/vendor/laravel/framework/src/Illuminate/Log/LogManager.php(500): Illuminate\\Log\\LogManager->driver()
#3 /Users/lawrencedudley/Code/kbuild/vendor/laravel-zero/foundation/src/Illuminate/Foundation/Exceptions/Handler.php(114): Illuminate\\Log\\LogManager->error('A row must be a...', Array)
#4 /Users/lawrencedudley/Code/kbuild/vendor/nunomaduro/collision/src/Adapters/Laravel/ExceptionHandler.php(60): Illuminate\\Foundation\\Exceptions\\Handler->report(Object(Symfony\\Component\\Console\\Exception\\InvalidArgumentException))
#5 /Users/lawrencedudley/Code/kbuild/vendor/laravel-zero/foundation/src/Illuminate/Foundation/Console/Kernel.php(367): NunoMaduro\\Collision\\Adapters\\Laravel\\ExceptionHandler->report(Object(Symfony\\Component\\Console\\Exception\\InvalidArgumentException))
#6 /Users/lawrencedudley/Code/kbuild/vendor/laravel-zero/foundation/src/Illuminate/Foundation/Console/Kernel.php(124): Illuminate\\Foundation\\Console\\Kernel->reportException(Object(Symfony\\Component\\Console\\Exception\\InvalidArgumentException))
#7 /Users/lawrencedudley/Code/kbuild/vendor/laravel-zero/framework/src/Kernel.php(77): Illuminate\\Foundation\\Console\\Kernel->handle(Object(Symfony\\Component\\Console\\Input\\ArgvInput), Object(Symfony\\Component\\Console\\Output\\ConsoleOutput))
#8 /Users/lawrencedudley/Code/kbuild/kbuild(37): LaravelZero\\Framework\\Kernel->handle(Object(Symfony\\Component\\Console\\Input\\ArgvInput), Object(Symfony\\Component\\Console\\Output\\ConsoleOutput))
#9 {main}
"} 
[2019-08-12 15:07:15] laravel.ERROR: A row must be an array or a TableSeparator instance. {"exception":"[object] (Symfony\\Component\\Console\\Exception\\InvalidArgumentException(code: 0): A row must be an array or a TableSeparator instance. at /Users/lawrencedudley/Code/kbuild/vendor/symfony/console/Helper/Table.php:279)
[stacktrace]
#0 /Users/lawrencedudley/Code/kbuild/vendor/symfony/console/Helper/Table.php(264): Symfony\\Component\\Console\\Helper\\Table->addRow('Line')
#1 /Users/lawrencedudley/Code/kbuild/vendor/symfony/console/Helper/Table.php(258): Symfony\\Component\\Console\\Helper\\Table->addRows(Array)
#2 /Users/lawrencedudley/Code/kbuild/vendor/laravel/framework/src/Illuminate/Console/Command.php(429): Symfony\\Component\\Console\\Helper\\Table->setRows(Array)
#3 /Users/lawrencedudley/Code/kbuild/app/Commands/Create.php(164): Illuminate\\Console\\Command->table(Array, Array, Array)
#4 [internal function]: App\\Commands\\Create->handle()
#5 /Users/lawrencedudley/Code/kbuild/vendor/laravel/framework/src/Illuminate/Container/BoundMethod.php(32): call_user_func_array(Array, Array)
#6 /Users/lawrencedudley/Code/kbuild/vendor/laravel/framework/src/Illuminate/Container/BoundMethod.php(90): Illuminate\\Container\\BoundMethod::Illuminate\\Container\\{closure}()
#7 /Users/lawrencedudley/Code/kbuild/vendor/laravel/framework/src/Illuminate/Container/BoundMethod.php(34): Illuminate\\Container\\BoundMethod::callBoundMethod(Object(LaravelZero\\Framework\\Application), Array, Object(Closure))
#8 /Users/lawrencedudley/Code/kbuild/vendor/laravel/framework/src/Illuminate/Container/Container.php(580): Illuminate\\Container\\BoundMethod::call(Object(LaravelZero\\Framework\\Application), Array, Array, NULL)
#9 /Users/lawrencedudley/Code/kbuild/vendor/laravel/framework/src/Illuminate/Console/Command.php(183): Illuminate\\Container\\Container->call(Array)
#10 /Users/lawrencedudley/Code/kbuild/vendor/symfony/console/Command/Command.php(255): Illuminate\\Console\\Command->execute(Object(Symfony\\Component\\Console\\Input\\ArgvInput), Object(Illuminate\\Console\\OutputStyle))
#11 /Users/lawrencedudley/Code/kbuild/vendor/laravel/framework/src/Illuminate/Console/Command.php(170): Symfony\\Component\\Console\\Command\\Command->run(Object(Symfony\\Component\\Console\\Input\\ArgvInput), Object(Illuminate\\Console\\OutputStyle))
#12 /Users/lawrencedudley/Code/kbuild/vendor/symfony/console/Application.php(908): Illuminate\\Console\\Command->run(Object(Symfony\\Component\\Console\\Input\\ArgvInput), Object(Symfony\\Component\\Console\\Output\\ConsoleOutput))
#13 /Users/lawrencedudley/Code/kbuild/vendor/symfony/console/Application.php(269): Symfony\\Component\\Console\\Application->doRunCommand(Object(App\\Commands\\Create), Object(Symfony\\Component\\Console\\Input\\ArgvInput), Object(Symfony\\Component\\Console\\Output\\ConsoleOutput))
#14 /Users/lawrencedudley/Code/kbuild/vendor/symfony/console/Application.php(145): Symfony\\Component\\Console\\Application->doRun(Object(Symfony\\Component\\Console\\Input\\ArgvInput), Object(Symfony\\Component\\Console\\Output\\ConsoleOutput))
#15 /Users/lawrencedudley/Code/kbuild/vendor/laravel/framework/src/Illuminate/Console/Application.php(90): Symfony\\Component\\Console\\Application->run(Object(Symfony\\Component\\Console\\Input\\ArgvInput), Object(Symfony\\Component\\Console\\Output\\ConsoleOutput))
#16 /Users/lawrencedudley/Code/kbuild/vendor/laravel-zero/foundation/src/Illuminate/Foundation/Console/Kernel.php(122): Illuminate\\Console\\Application->run(Object(Symfony\\Component\\Console\\Input\\ArgvInput), Object(Symfony\\Component\\Console\\Output\\ConsoleOutput))
#17 /Users/lawrencedudley/Code/kbuild/vendor/laravel-zero/framework/src/Kernel.php(77): Illuminate\\Foundation\\Console\\Kernel->handle(Object(Symfony\\Component\\Console\\Input\\ArgvInput), Object(Symfony\\Component\\Console\\Output\\ConsoleOutput))
#18 /Users/lawrencedudley/Code/kbuild/kbuild(37): LaravelZero\\Framework\\Kernel->handle(Object(Symfony\\Component\\Console\\Input\\ArgvInput), Object(Symfony\\Component\\Console\\Output\\ConsoleOutput))
#19 {main}
"} 
[2019-08-12 15:07:24] laravel.EMERGENCY: Unable to create configured logger. Using emergency logger. {"exception":"[object] (InvalidArgumentException(code: 0): Log [default] is not defined. at /Users/lawrencedudley/Code/kbuild/vendor/laravel/framework/src/Illuminate/Log/LogManager.php:168)
[stacktrace]
#0 /Users/lawrencedudley/Code/kbuild/vendor/laravel/framework/src/Illuminate/Log/LogManager.php(102): Illuminate\\Log\\LogManager->resolve('default')
#1 /Users/lawrencedudley/Code/kbuild/vendor/laravel/framework/src/Illuminate/Log/LogManager.php(90): Illuminate\\Log\\LogManager->get('default')
#2 /Users/lawrencedudley/Code/kbuild/vendor/laravel/framework/src/Illuminate/Log/LogManager.php(500): Illuminate\\Log\\LogManager->driver()
#3 /Users/lawrencedudley/Code/kbuild/vendor/laravel-zero/foundation/src/Illuminate/Foundation/Exceptions/Handler.php(114): Illuminate\\Log\\LogManager->error('A row must be a...', Array)
#4 /Users/lawrencedudley/Code/kbuild/vendor/nunomaduro/collision/src/Adapters/Laravel/ExceptionHandler.php(60): Illuminate\\Foundation\\Exceptions\\Handler->report(Object(Symfony\\Component\\Console\\Exception\\InvalidArgumentException))
#5 /Users/lawrencedudley/Code/kbuild/vendor/laravel-zero/foundation/src/Illuminate/Foundation/Console/Kernel.php(367): NunoMaduro\\Collision\\Adapters\\Laravel\\ExceptionHandler->report(Object(Symfony\\Component\\Console\\Exception\\InvalidArgumentException))
#6 /Users/lawrencedudley/Code/kbuild/vendor/laravel-zero/foundation/src/Illuminate/Foundation/Console/Kernel.php(124): Illuminate\\Foundation\\Console\\Kernel->reportException(Object(Symfony\\Component\\Console\\Exception\\InvalidArgumentException))
#7 /Users/lawrencedudley/Code/kbuild/vendor/laravel-zero/framework/src/Kernel.php(77): Illuminate\\Foundation\\Console\\Kernel->handle(Object(Symfony\\Component\\Console\\Input\\ArgvInput), Object(Symfony\\Component\\Console\\Output\\ConsoleOutput))
#8 /Users/lawrencedudley/Code/kbuild/kbuild(37): LaravelZero\\Framework\\Kernel->handle(Object(Symfony\\Component\\Console\\Input\\ArgvInput), Object(Symfony\\Component\\Console\\Output\\ConsoleOutput))
#9 {main}
"} 
[2019-08-12 15:07:24] laravel.ERROR: A row must be an array or a TableSeparator instance. {"exception":"[object] (Symfony\\Component\\Console\\Exception\\InvalidArgumentException(code: 0): A row must be an array or a TableSeparator instance. at /Users/lawrencedudley/Code/kbuild/vendor/symfony/console/Helper/Table.php:279)
[stacktrace]
#0 /Users/lawrencedudley/Code/kbuild/vendor/symfony/console/Helper/Table.php(264): Symfony\\Component\\Console\\Helper\\Table->addRow('Line')
#1 /Users/lawrencedudley/Code/kbuild/vendor/symfony/console/Helper/Table.php(258): Symfony\\Component\\Console\\Helper\\Table->addRows(Array)
#2 /Users/lawrencedudley/Code/kbuild/vendor/laravel/framework/src/Illuminate/Console/Command.php(429): Symfony\\Component\\Console\\Helper\\Table->setRows(Array)
#3 /Users/lawrencedudley/Code/kbuild/app/Commands/Create.php(165): Illuminate\\Console\\Command->table(Array, Array, Array)
#4 [internal function]: App\\Commands\\Create->handle()
#5 /Users/lawrencedudley/Code/kbuild/vendor/laravel/framework/src/Illuminate/Container/BoundMethod.php(32): call_user_func_array(Array, Array)
#6 /Users/lawrencedudley/Code/kbuild/vendor/laravel/framework/src/Illuminate/Container/BoundMethod.php(90): Illuminate\\Container\\BoundMethod::Illuminate\\Container\\{closure}()
#7 /Users/lawrencedudley/Code/kbuild/vendor/laravel/framework/src/Illuminate/Container/BoundMethod.php(34): Illuminate\\Container\\BoundMethod::callBoundMethod(Object(LaravelZero\\Framework\\Application), Array, Object(Closure))
#8 /Users/lawrencedudley/Code/kbuild/vendor/laravel/framework/src/Illuminate/Container/Container.php(580): Illuminate\\Container\\BoundMethod::call(Object(LaravelZero\\Framework\\Application), Array, Array, NULL)
#9 /Users/lawrencedudley/Code/kbuild/vendor/laravel/framework/src/Illuminate/Console/Command.php(183): Illuminate\\Container\\Container->call(Array)
#10 /Users/lawrencedudley/Code/kbuild/vendor/symfony/console/Command/Command.php(255): Illuminate\\Console\\Command->execute(Object(Symfony\\Component\\Console\\Input\\ArgvInput), Object(Illuminate\\Console\\OutputStyle))
#11 /Users/lawrencedudley/Code/kbuild/vendor/laravel/framework/src/Illuminate/Console/Command.php(170): Symfony\\Component\\Console\\Command\\Command->run(Object(Symfony\\Component\\Console\\Input\\ArgvInput), Object(Illuminate\\Console\\OutputStyle))
#12 /Users/lawrencedudley/Code/kbuild/vendor/symfony/console/Application.php(908): Illuminate\\Console\\Command->run(Object(Symfony\\Component\\Console\\Input\\ArgvInput), Object(Symfony\\Component\\Console\\Output\\ConsoleOutput))
#13 /Users/lawrencedudley/Code/kbuild/vendor/symfony/console/Application.php(269): Symfony\\Component\\Console\\Application->doRunCommand(Object(App\\Commands\\Create), Object(Symfony\\Component\\Console\\Input\\ArgvInput), Object(Symfony\\Component\\Console\\Output\\ConsoleOutput))
#14 /Users/lawrencedudley/Code/kbuild/vendor/symfony/console/Application.php(145): Symfony\\Component\\Console\\Application->doRun(Object(Symfony\\Component\\Console\\Input\\ArgvInput), Object(Symfony\\Component\\Console\\Output\\ConsoleOutput))
#15 /Users/lawrencedudley/Code/kbuild/vendor/laravel/framework/src/Illuminate/Console/Application.php(90): Symfony\\Component\\Console\\Application->run(Object(Symfony\\Component\\Console\\Input\\ArgvInput), Object(Symfony\\Component\\Console\\Output\\ConsoleOutput))
#16 /Users/lawrencedudley/Code/kbuild/vendor/laravel-zero/foundation/src/Illuminate/Foundation/Console/Kernel.php(122): Illuminate\\Console\\Application->run(Object(Symfony\\Component\\Console\\Input\\ArgvInput), Object(Symfony\\Component\\Console\\Output\\ConsoleOutput))
#17 /Users/lawrencedudley/Code/kbuild/vendor/laravel-zero/framework/src/Kernel.php(77): Illuminate\\Foundation\\Console\\Kernel->handle(Object(Symfony\\Component\\Console\\Input\\ArgvInput), Object(Symfony\\Component\\Console\\Output\\ConsoleOutput))
#18 /Users/lawrencedudley/Code/kbuild/kbuild(37): LaravelZero\\Framework\\Kernel->handle(Object(Symfony\\Component\\Console\\Input\\ArgvInput), Object(Symfony\\Component\\Console\\Output\\ConsoleOutput))
#19 {main}
"} 
